{"/home/travis/build/wasdk/WebAssemblyStudio/src/arc.ts": {"path":"/home/travis/build/wasdk/WebAssemblyStudio/src/arc.ts","statementMap":{"0":{"start":{"line":22,"column":0},"end":{"line":22,"column":62}},"1":{"start":{"line":24,"column":4},"end":{"line":27,"column":12}},"2":{"start":{"line":29,"column":0},"end":{"line":29,"column":42}},"3":{"start":{"line":32,"column":8},"end":{"line":35,"column":16}},"4":{"start":{"line":38,"column":21},"end":{"line":38,"column":23}},"5":{"start":{"line":39,"column":26},"end":{"line":39,"column":41}},"6":{"start":{"line":40,"column":8},"end":{"line":52,"column":9}},"7":{"start":{"line":41,"column":27},"end":{"line":41,"column":78}},"8":{"start":{"line":42,"column":26},"end":{"line":42,"column":28}},"9":{"start":{"line":43,"column":12},"end":{"line":43,"column":29}},"10":{"start":{"line":44,"column":22},"end":{"line":44,"column":23}},"11":{"start":{"line":45,"column":12},"end":{"line":51,"column":13}},"12":{"start":{"line":46,"column":28},"end":{"line":46,"column":30}},"13":{"start":{"line":47,"column":16},"end":{"line":47,"column":32}},"14":{"start":{"line":48,"column":16},"end":{"line":50,"column":17}},"15":{"start":{"line":49,"column":20},"end":{"line":49,"column":76}},"16":{"start":{"line":53,"column":8},"end":{"line":53,"column":20}},"17":{"start":{"line":56,"column":0},"end":{"line":56,"column":18}}},"fnMap":{"0":{"name":"notifyAboutFork","decl":{"start":{"line":23,"column":9},"end":{"line":23,"column":24}},"loc":{"start":{"line":23,"column":33},"end":{"line":28,"column":1}},"line":23},"1":{"name":"(anonymous_1)","decl":{"start":{"line":31,"column":4},"end":{"line":31,"column":5}},"loc":{"start":{"line":31,"column":29},"end":{"line":36,"column":5}},"line":31},"2":{"name":"(anonymous_2)","decl":{"start":{"line":37,"column":4},"end":{"line":37,"column":5}},"loc":{"start":{"line":37,"column":68},"end":{"line":54,"column":5}},"line":37}},"branchMap":{},"s":{"0":17,"1":1,"2":17,"3":1,"4":1,"5":1,"6":1,"7":1050,"8":1050,"9":1050,"10":1050,"11":1050,"12":37800,"13":37800,"14":37800,"15":1663200,"16":1,"17":17},"f":{"0":1,"1":1,"2":1},"b":{},"_coverageSchema":"332fd63041d2c1bcb487cc26dd0d5f7d97098a6c","hash":"52fcacbc4637f6fbd7a5d6dff7949510ce842630"}
,"/home/travis/build/wasdk/WebAssemblyStudio/src/config.ts": {"path":"/home/travis/build/wasdk/WebAssemblyStudio/src/config.ts","statementMap":{"0":{"start":{"line":22,"column":16},"end":{"line":29,"column":1}},"1":{"start":{"line":23,"column":4},"end":{"line":28,"column":7}},"2":{"start":{"line":24,"column":36},"end":{"line":24,"column":97}},"3":{"start":{"line":24,"column":42},"end":{"line":24,"column":70}},"4":{"start":{"line":24,"column":85},"end":{"line":24,"column":95}},"5":{"start":{"line":25,"column":35},"end":{"line":25,"column":100}},"6":{"start":{"line":25,"column":41},"end":{"line":25,"column":73}},"7":{"start":{"line":25,"column":88},"end":{"line":25,"column":98}},"8":{"start":{"line":26,"column":32},"end":{"line":26,"column":149}},"9":{"start":{"line":26,"column":97},"end":{"line":26,"column":119}},"10":{"start":{"line":27,"column":8},"end":{"line":27,"column":78}},"11":{"start":{"line":30,"column":0},"end":{"line":30,"column":62}},"12":{"start":{"line":31,"column":18},"end":{"line":31,"column":33}},"13":{"start":{"line":34,"column":4},"end":{"line":39,"column":7}},"14":{"start":{"line":35,"column":8},"end":{"line":37,"column":9}},"15":{"start":{"line":36,"column":12},"end":{"line":36,"column":70}},"16":{"start":{"line":36,"column":57},"end":{"line":36,"column":68}},"17":{"start":{"line":38,"column":8},"end":{"line":38,"column":22}},"18":{"start":{"line":41,"column":0},"end":{"line":41,"column":28}}},"fnMap":{"0":{"name":"(anonymous_0)","decl":{"start":{"line":22,"column":44},"end":{"line":22,"column":45}},"loc":{"start":{"line":22,"column":89},"end":{"line":29,"column":1}},"line":22},"1":{"name":"(anonymous_1)","decl":{"start":{"line":23,"column":36},"end":{"line":23,"column":37}},"loc":{"start":{"line":23,"column":63},"end":{"line":28,"column":5}},"line":23},"2":{"name":"fulfilled","decl":{"start":{"line":24,"column":17},"end":{"line":24,"column":26}},"loc":{"start":{"line":24,"column":34},"end":{"line":24,"column":99}},"line":24},"3":{"name":"rejected","decl":{"start":{"line":25,"column":17},"end":{"line":25,"column":25}},"loc":{"start":{"line":25,"column":33},"end":{"line":25,"column":102}},"line":25},"4":{"name":"step","decl":{"start":{"line":26,"column":17},"end":{"line":26,"column":21}},"loc":{"start":{"line":26,"column":30},"end":{"line":26,"column":151}},"line":26},"5":{"name":"(anonymous_5)","decl":{"start":{"line":26,"column":76},"end":{"line":26,"column":77}},"loc":{"start":{"line":26,"column":95},"end":{"line":26,"column":121}},"line":26},"6":{"name":"getConfig","decl":{"start":{"line":33,"column":9},"end":{"line":33,"column":18}},"loc":{"start":{"line":33,"column":21},"end":{"line":40,"column":1}},"line":33},"7":{"name":"(anonymous_7)","decl":{"start":{"line":34,"column":43},"end":{"line":34,"column":44}},"loc":{"start":{"line":34,"column":56},"end":{"line":39,"column":5}},"line":34},"8":{"name":"(anonymous_8)","decl":{"start":{"line":36,"column":49},"end":{"line":36,"column":50}},"loc":{"start":{"line":36,"column":57},"end":{"line":36,"column":68}},"line":36}},"branchMap":{"0":{"loc":{"start":{"line":22,"column":16},"end":{"line":29,"column":1}},"type":"binary-expr","locations":[{"start":{"line":22,"column":17},"end":{"line":22,"column":21}},{"start":{"line":22,"column":25},"end":{"line":22,"column":39}},{"start":{"line":22,"column":44},"end":{"line":29,"column":1}}],"line":22},"1":{"loc":{"start":{"line":23,"column":16},"end":{"line":23,"column":34}},"type":"binary-expr","locations":[{"start":{"line":23,"column":16},"end":{"line":23,"column":17}},{"start":{"line":23,"column":22},"end":{"line":23,"column":33}}],"line":23},"2":{"loc":{"start":{"line":26,"column":32},"end":{"line":26,"column":148}},"type":"cond-expr","locations":[{"start":{"line":26,"column":46},"end":{"line":26,"column":67}},{"start":{"line":26,"column":70},"end":{"line":26,"column":148}}],"line":26},"3":{"loc":{"start":{"line":27,"column":51},"end":{"line":27,"column":67}},"type":"binary-expr","locations":[{"start":{"line":27,"column":51},"end":{"line":27,"column":61}},{"start":{"line":27,"column":65},"end":{"line":27,"column":67}}],"line":27},"4":{"loc":{"start":{"line":35,"column":8},"end":{"line":37,"column":9}},"type":"if","locations":[{"start":{"line":35,"column":8},"end":{"line":37,"column":9}},{"start":{"line":35,"column":8},"end":{"line":37,"column":9}}],"line":35}},"s":{"0":16,"1":0,"2":0,"3":0,"4":0,"5":0,"6":0,"7":0,"8":0,"9":0,"10":0,"11":16,"12":16,"13":0,"14":0,"15":0,"16":0,"17":0,"18":16},"f":{"0":0,"1":0,"2":0,"3":0,"4":0,"5":0,"6":0,"7":0,"8":0},"b":{"0":[16,16,16],"1":[0,0],"2":[0,0],"3":[0,0],"4":[0,0]},"_coverageSchema":"332fd63041d2c1bcb487cc26dd0d5f7d97098a6c","hash":"b913738afbe09766e750757a437954d78676c8a2"}
,"/home/travis/build/wasdk/WebAssemblyStudio/src/dispatcher.ts": {"path":"/home/travis/build/wasdk/WebAssemblyStudio/src/dispatcher.ts","statementMap":{"0":{"start":{"line":22,"column":0},"end":{"line":22,"column":62}},"1":{"start":{"line":23,"column":15},"end":{"line":23,"column":30}},"2":{"start":{"line":24,"column":0},"end":{"line":24,"column":42}}},"fnMap":{},"branchMap":{},"s":{"0":8,"1":8,"2":8},"f":{},"b":{},"_coverageSchema":"332fd63041d2c1bcb487cc26dd0d5f7d97098a6c","hash":"96f2a1faa523861d7d9b087e3fde3530f0ba55df"}
,"/home/travis/build/wasdk/WebAssemblyStudio/src/errors.ts": {"path":"/home/travis/build/wasdk/WebAssemblyStudio/src/errors.ts","statementMap":{"0":{"start":{"line":22,"column":0},"end":{"line":22,"column":62}},"1":{"start":{"line":23,"column":0},"end":{"line":25,"column":2}}},"fnMap":{},"branchMap":{},"s":{"0":7,"1":7},"f":{},"b":{},"_coverageSchema":"332fd63041d2c1bcb487cc26dd0d5f7d97098a6c","hash":"d30d83ec41b8432144576dd85f3bc5c346eb948b"}
,"/home/travis/build/wasdk/WebAssemblyStudio/src/gulpy.ts": {"path":"/home/travis/build/wasdk/WebAssemblyStudio/src/gulpy.ts","statementMap":{"0":{"start":{"line":22,"column":16},"end":{"line":29,"column":1}},"1":{"start":{"line":23,"column":4},"end":{"line":28,"column":7}},"2":{"start":{"line":24,"column":36},"end":{"line":24,"column":97}},"3":{"start":{"line":24,"column":42},"end":{"line":24,"column":70}},"4":{"start":{"line":24,"column":85},"end":{"line":24,"column":95}},"5":{"start":{"line":25,"column":35},"end":{"line":25,"column":100}},"6":{"start":{"line":25,"column":41},"end":{"line":25,"column":73}},"7":{"start":{"line":25,"column":88},"end":{"line":25,"column":98}},"8":{"start":{"line":26,"column":32},"end":{"line":26,"column":149}},"9":{"start":{"line":26,"column":97},"end":{"line":26,"column":119}},"10":{"start":{"line":27,"column":8},"end":{"line":27,"column":78}},"11":{"start":{"line":30,"column":0},"end":{"line":30,"column":62}},"12":{"start":{"line":33,"column":8},"end":{"line":33,"column":41}},"13":{"start":{"line":34,"column":8},"end":{"line":34,"column":41}},"14":{"start":{"line":39,"column":8},"end":{"line":39,"column":25}},"15":{"start":{"line":40,"column":8},"end":{"line":40,"column":28}},"16":{"start":{"line":43,"column":8},"end":{"line":45,"column":9}},"17":{"start":{"line":44,"column":12},"end":{"line":44,"column":32}},"18":{"start":{"line":46,"column":8},"end":{"line":46,"column":55}},"19":{"start":{"line":51,"column":8},"end":{"line":51,"column":31}},"20":{"start":{"line":52,"column":8},"end":{"line":52,"column":27}},"21":{"start":{"line":55,"column":23},"end":{"line":55,"column":43}},"22":{"start":{"line":56,"column":8},"end":{"line":58,"column":9}},"23":{"start":{"line":57,"column":12},"end":{"line":57,"column":28}},"24":{"start":{"line":59,"column":8},"end":{"line":59,"column":42}},"25":{"start":{"line":60,"column":8},"end":{"line":60,"column":39}},"26":{"start":{"line":61,"column":8},"end":{"line":61,"column":24}},"27":{"start":{"line":64,"column":8},"end":{"line":68,"column":11}},"28":{"start":{"line":65,"column":33},"end":{"line":65,"column":92}},"29":{"start":{"line":65,"column":69},"end":{"line":65,"column":91}},"30":{"start":{"line":66,"column":12},"end":{"line":66,"column":74}},"31":{"start":{"line":66,"column":52},"end":{"line":66,"column":71}},"32":{"start":{"line":67,"column":12},"end":{"line":67,"column":42}},"33":{"start":{"line":71,"column":8},"end":{"line":73,"column":11}},"34":{"start":{"line":72,"column":12},"end":{"line":72,"column":63}},"35":{"start":{"line":78,"column":8},"end":{"line":78,"column":24}},"36":{"start":{"line":81,"column":27},"end":{"line":81,"column":29}},"37":{"start":{"line":82,"column":17},"end":{"line":82,"column":21}},"38":{"start":{"line":83,"column":8},"end":{"line":95,"column":9}},"39":{"start":{"line":84,"column":12},"end":{"line":84,"column":29}},"40":{"start":{"line":85,"column":12},"end":{"line":85,"column":19}},"41":{"start":{"line":87,"column":13},"end":{"line":95,"column":9}},"42":{"start":{"line":88,"column":12},"end":{"line":94,"column":13}},"43":{"start":{"line":89,"column":16},"end":{"line":89,"column":33}},"44":{"start":{"line":90,"column":16},"end":{"line":90,"column":38}},"45":{"start":{"line":93,"column":16},"end":{"line":93,"column":23}},"46":{"start":{"line":96,"column":8},"end":{"line":96,"column":78}},"47":{"start":{"line":96,"column":58},"end":{"line":96,"column":71}},"48":{"start":{"line":99,"column":8},"end":{"line":99,"column":20}},"49":{"start":{"line":102,"column":8},"end":{"line":102,"column":20}},"50":{"start":{"line":105,"column":8},"end":{"line":105,"column":34}},"51":{"start":{"line":108,"column":8},"end":{"line":111,"column":11}},"52":{"start":{"line":109,"column":28},"end":{"line":109,"column":50}},"53":{"start":{"line":110,"column":12},"end":{"line":110,"column":48}},"54":{"start":{"line":114,"column":0},"end":{"line":114,"column":22}}},"fnMap":{"0":{"name":"(anonymous_0)","decl":{"start":{"line":22,"column":44},"end":{"line":22,"column":45}},"loc":{"start":{"line":22,"column":89},"end":{"line":29,"column":1}},"line":22},"1":{"name":"(anonymous_1)","decl":{"start":{"line":23,"column":36},"end":{"line":23,"column":37}},"loc":{"start":{"line":23,"column":63},"end":{"line":28,"column":5}},"line":23},"2":{"name":"fulfilled","decl":{"start":{"line":24,"column":17},"end":{"line":24,"column":26}},"loc":{"start":{"line":24,"column":34},"end":{"line":24,"column":99}},"line":24},"3":{"name":"rejected","decl":{"start":{"line":25,"column":17},"end":{"line":25,"column":25}},"loc":{"start":{"line":25,"column":33},"end":{"line":25,"column":102}},"line":25},"4":{"name":"step","decl":{"start":{"line":26,"column":17},"end":{"line":26,"column":21}},"loc":{"start":{"line":26,"column":30},"end":{"line":26,"column":151}},"line":26},"5":{"name":"(anonymous_5)","decl":{"start":{"line":26,"column":76},"end":{"line":26,"column":77}},"loc":{"start":{"line":26,"column":95},"end":{"line":26,"column":121}},"line":26},"6":{"name":"(anonymous_6)","decl":{"start":{"line":32,"column":4},"end":{"line":32,"column":5}},"loc":{"start":{"line":32,"column":44},"end":{"line":35,"column":5}},"line":32},"7":{"name":"(anonymous_7)","decl":{"start":{"line":38,"column":4},"end":{"line":38,"column":5}},"loc":{"start":{"line":38,"column":22},"end":{"line":41,"column":5}},"line":38},"8":{"name":"(anonymous_8)","decl":{"start":{"line":42,"column":4},"end":{"line":42,"column":5}},"loc":{"start":{"line":42,"column":18},"end":{"line":47,"column":5}},"line":42},"9":{"name":"(anonymous_9)","decl":{"start":{"line":50,"column":4},"end":{"line":50,"column":5}},"loc":{"start":{"line":50,"column":23},"end":{"line":53,"column":5}},"line":50},"10":{"name":"(anonymous_10)","decl":{"start":{"line":54,"column":4},"end":{"line":54,"column":5}},"loc":{"start":{"line":54,"column":25},"end":{"line":62,"column":5}},"line":54},"11":{"name":"(anonymous_11)","decl":{"start":{"line":63,"column":4},"end":{"line":63,"column":5}},"loc":{"start":{"line":63,"column":26},"end":{"line":69,"column":5}},"line":63},"12":{"name":"(anonymous_12)","decl":{"start":{"line":64,"column":47},"end":{"line":64,"column":48}},"loc":{"start":{"line":64,"column":60},"end":{"line":68,"column":9}},"line":64},"13":{"name":"(anonymous_13)","decl":{"start":{"line":65,"column":64},"end":{"line":65,"column":65}},"loc":{"start":{"line":65,"column":69},"end":{"line":65,"column":91}},"line":65},"14":{"name":"(anonymous_14)","decl":{"start":{"line":66,"column":47},"end":{"line":66,"column":48}},"loc":{"start":{"line":66,"column":52},"end":{"line":66,"column":71}},"line":66},"15":{"name":"(anonymous_15)","decl":{"start":{"line":70,"column":4},"end":{"line":70,"column":5}},"loc":{"start":{"line":70,"column":14},"end":{"line":74,"column":5}},"line":70},"16":{"name":"(anonymous_16)","decl":{"start":{"line":71,"column":47},"end":{"line":71,"column":48}},"loc":{"start":{"line":71,"column":60},"end":{"line":73,"column":9}},"line":71},"17":{"name":"(anonymous_17)","decl":{"start":{"line":77,"column":4},"end":{"line":77,"column":5}},"loc":{"start":{"line":77,"column":18},"end":{"line":79,"column":5}},"line":77},"18":{"name":"(anonymous_18)","decl":{"start":{"line":80,"column":4},"end":{"line":80,"column":5}},"loc":{"start":{"line":80,"column":21},"end":{"line":97,"column":5}},"line":80},"19":{"name":"(anonymous_19)","decl":{"start":{"line":90,"column":27},"end":{"line":90,"column":28}},"loc":{"start":{"line":90,"column":33},"end":{"line":90,"column":36}},"line":90},"20":{"name":"(anonymous_20)","decl":{"start":{"line":96,"column":53},"end":{"line":96,"column":54}},"loc":{"start":{"line":96,"column":58},"end":{"line":96,"column":71}},"line":96},"21":{"name":"(anonymous_21)","decl":{"start":{"line":98,"column":4},"end":{"line":98,"column":5}},"loc":{"start":{"line":98,"column":18},"end":{"line":100,"column":5}},"line":98},"22":{"name":"(anonymous_22)","decl":{"start":{"line":101,"column":4},"end":{"line":101,"column":5}},"loc":{"start":{"line":101,"column":20},"end":{"line":103,"column":5}},"line":101},"23":{"name":"(anonymous_23)","decl":{"start":{"line":104,"column":4},"end":{"line":104,"column":5}},"loc":{"start":{"line":104,"column":18},"end":{"line":106,"column":5}},"line":104},"24":{"name":"(anonymous_24)","decl":{"start":{"line":107,"column":4},"end":{"line":107,"column":5}},"loc":{"start":{"line":107,"column":14},"end":{"line":112,"column":5}},"line":107},"25":{"name":"(anonymous_25)","decl":{"start":{"line":108,"column":47},"end":{"line":108,"column":48}},"loc":{"start":{"line":108,"column":60},"end":{"line":111,"column":9}},"line":108}},"branchMap":{"0":{"loc":{"start":{"line":22,"column":16},"end":{"line":29,"column":1}},"type":"binary-expr","locations":[{"start":{"line":22,"column":17},"end":{"line":22,"column":21}},{"start":{"line":22,"column":25},"end":{"line":22,"column":39}},{"start":{"line":22,"column":44},"end":{"line":29,"column":1}}],"line":22},"1":{"loc":{"start":{"line":23,"column":16},"end":{"line":23,"column":34}},"type":"binary-expr","locations":[{"start":{"line":23,"column":16},"end":{"line":23,"column":17}},{"start":{"line":23,"column":22},"end":{"line":23,"column":33}}],"line":23},"2":{"loc":{"start":{"line":26,"column":32},"end":{"line":26,"column":148}},"type":"cond-expr","locations":[{"start":{"line":26,"column":46},"end":{"line":26,"column":67}},{"start":{"line":26,"column":70},"end":{"line":26,"column":148}}],"line":26},"3":{"loc":{"start":{"line":27,"column":51},"end":{"line":27,"column":67}},"type":"binary-expr","locations":[{"start":{"line":27,"column":51},"end":{"line":27,"column":61}},{"start":{"line":27,"column":65},"end":{"line":27,"column":67}}],"line":27},"4":{"loc":{"start":{"line":43,"column":8},"end":{"line":45,"column":9}},"type":"if","locations":[{"start":{"line":43,"column":8},"end":{"line":45,"column":9}},{"start":{"line":43,"column":8},"end":{"line":45,"column":9}}],"line":43},"5":{"loc":{"start":{"line":56,"column":8},"end":{"line":58,"column":9}},"type":"if","locations":[{"start":{"line":56,"column":8},"end":{"line":58,"column":9}},{"start":{"line":56,"column":8},"end":{"line":58,"column":9}}],"line":56},"6":{"loc":{"start":{"line":83,"column":8},"end":{"line":95,"column":9}},"type":"if","locations":[{"start":{"line":83,"column":8},"end":{"line":95,"column":9}},{"start":{"line":83,"column":8},"end":{"line":95,"column":9}}],"line":83},"7":{"loc":{"start":{"line":87,"column":13},"end":{"line":95,"column":9}},"type":"if","locations":[{"start":{"line":87,"column":13},"end":{"line":95,"column":9}},{"start":{"line":87,"column":13},"end":{"line":95,"column":9}}],"line":87},"8":{"loc":{"start":{"line":88,"column":12},"end":{"line":94,"column":13}},"type":"if","locations":[{"start":{"line":88,"column":12},"end":{"line":94,"column":13}},{"start":{"line":88,"column":12},"end":{"line":94,"column":13}}],"line":88},"9":{"loc":{"start":{"line":90,"column":21},"end":{"line":90,"column":37}},"type":"binary-expr","locations":[{"start":{"line":90,"column":21},"end":{"line":90,"column":22}},{"start":{"line":90,"column":27},"end":{"line":90,"column":36}}],"line":90}},"s":{"0":17,"1":5,"2":4,"3":4,"4":0,"5":0,"6":0,"7":0,"8":9,"9":4,"10":5,"11":17,"12":3,"13":3,"14":3,"15":3,"16":3,"17":0,"18":3,"19":1,"20":1,"21":3,"22":3,"23":0,"24":3,"25":3,"26":3,"27":3,"28":3,"29":2,"30":3,"31":2,"32":3,"33":1,"34":1,"35":1,"36":3,"37":3,"38":3,"39":2,"40":2,"41":1,"42":1,"43":0,"44":0,"45":1,"46":3,"47":2,"48":0,"49":0,"50":0,"51":1,"52":1,"53":1,"54":17},"f":{"0":5,"1":5,"2":4,"3":0,"4":9,"5":4,"6":3,"7":3,"8":3,"9":1,"10":3,"11":3,"12":3,"13":2,"14":2,"15":1,"16":1,"17":1,"18":3,"19":0,"20":2,"21":0,"22":0,"23":0,"24":1,"25":1},"b":{"0":[17,17,17],"1":[5,5],"2":[5,4],"3":[5,5],"4":[0,3],"5":[0,3],"6":[2,1],"7":[1,0],"8":[0,1],"9":[0,0]},"_coverageSchema":"332fd63041d2c1bcb487cc26dd0d5f7d97098a6c","hash":"0c7a397864b71bcc7428767bae224e466db13cb5"}
,"/home/travis/build/wasdk/WebAssemblyStudio/src/index.tsx": {"path":"/home/travis/build/wasdk/WebAssemblyStudio/src/index.tsx","statementMap":{"0":{"start":{"line":22,"column":0},"end":{"line":22,"column":62}},"1":{"start":{"line":23,"column":14},"end":{"line":23,"column":30}},"2":{"start":{"line":24,"column":17},"end":{"line":24,"column":37}},"3":{"start":{"line":25,"column":14},"end":{"line":25,"column":41}},"4":{"start":{"line":26,"column":15},"end":{"line":26,"column":32}},"5":{"start":{"line":27,"column":23},"end":{"line":27,"column":48}},"6":{"start":{"line":28,"column":30},"end":{"line":28,"column":73}},"7":{"start":{"line":29,"column":28},"end":{"line":29,"column":64}},"8":{"start":{"line":30,"column":24},"end":{"line":30,"column":56}},"9":{"start":{"line":31,"column":0},"end":{"line":31,"column":56}},"10":{"start":{"line":33,"column":14},"end":{"line":33,"column":49}},"11":{"start":{"line":34,"column":4},"end":{"line":34,"column":33}},"12":{"start":{"line":35,"column":19},"end":{"line":35,"column":21}},"13":{"start":{"line":36,"column":4},"end":{"line":44,"column":7}},"14":{"start":{"line":37,"column":18},"end":{"line":37,"column":30}},"15":{"start":{"line":38,"column":8},"end":{"line":43,"column":9}},"16":{"start":{"line":39,"column":12},"end":{"line":39,"column":53}},"17":{"start":{"line":42,"column":12},"end":{"line":42,"column":33}},"18":{"start":{"line":46,"column":0},"end":{"line":46,"column":50}},"19":{"start":{"line":48,"column":19},"end":{"line":48,"column":21}},"20":{"start":{"line":49,"column":4},"end":{"line":51,"column":7}},"21":{"start":{"line":50,"column":8},"end":{"line":50,"column":28}},"22":{"start":{"line":52,"column":4},"end":{"line":52,"column":18}},"23":{"start":{"line":54,"column":0},"end":{"line":54,"column":44}},"24":{"start":{"line":55,"column":25},"end":{"line":57,"column":1}},"25":{"start":{"line":59,"column":4},"end":{"line":62,"column":5}},"26":{"start":{"line":60,"column":8},"end":{"line":60,"column":77}},"27":{"start":{"line":61,"column":8},"end":{"line":61,"column":15}},"28":{"start":{"line":63,"column":4},"end":{"line":63,"column":49}},"29":{"start":{"line":65,"column":0},"end":{"line":65,"column":66}},"30":{"start":{"line":67,"column":22},"end":{"line":67,"column":45}},"31":{"start":{"line":69,"column":4},"end":{"line":80,"column":5}},"32":{"start":{"line":71,"column":12},"end":{"line":71,"column":47}},"33":{"start":{"line":72,"column":12},"end":{"line":72,"column":18}},"34":{"start":{"line":74,"column":12},"end":{"line":74,"column":43}},"35":{"start":{"line":75,"column":12},"end":{"line":75,"column":18}},"36":{"start":{"line":77,"column":26},"end":{"line":77,"column":99}},"37":{"start":{"line":78,"column":12},"end":{"line":78,"column":82}},"38":{"start":{"line":79,"column":12},"end":{"line":79,"column":18}},"39":{"start":{"line":81,"column":26},"end":{"line":81,"column":87}},"40":{"start":{"line":82,"column":4},"end":{"line":85,"column":6}},"41":{"start":{"line":87,"column":19},"end":{"line":87,"column":37}},"42":{"start":{"line":88,"column":15},"end":{"line":88,"column":90}},"43":{"start":{"line":89,"column":15},"end":{"line":89,"column":54}},"44":{"start":{"line":90,"column":24},"end":{"line":90,"column":54}},"45":{"start":{"line":91,"column":0},"end":{"line":102,"column":39}},"46":{"start":{"line":94,"column":4},"end":{"line":99,"column":5}},"47":{"start":{"line":95,"column":8},"end":{"line":95,"column":126}},"48":{"start":{"line":98,"column":8},"end":{"line":98,"column":191}},"49":{"start":{"line":101,"column":16},"end":{"line":101,"column":113}},"50":{"start":{"line":101,"column":45},"end":{"line":101,"column":112}}},"fnMap":{"0":{"name":"forEachUrlParameter","decl":{"start":{"line":32,"column":9},"end":{"line":32,"column":28}},"loc":{"start":{"line":32,"column":39},"end":{"line":45,"column":1}},"line":32},"1":{"name":"(anonymous_1)","decl":{"start":{"line":36,"column":27},"end":{"line":36,"column":28}},"loc":{"start":{"line":36,"column":40},"end":{"line":44,"column":5}},"line":36},"2":{"name":"getUrlParameters","decl":{"start":{"line":47,"column":9},"end":{"line":47,"column":25}},"loc":{"start":{"line":47,"column":28},"end":{"line":53,"column":1}},"line":47},"3":{"name":"(anonymous_3)","decl":{"start":{"line":49,"column":24},"end":{"line":49,"column":25}},"loc":{"start":{"line":49,"column":40},"end":{"line":51,"column":5}},"line":49},"4":{"name":"unloadPageHandler","decl":{"start":{"line":58,"column":9},"end":{"line":58,"column":26}},"loc":{"start":{"line":58,"column":30},"end":{"line":64,"column":1}},"line":58},"5":{"name":"getEmbeddingParams","decl":{"start":{"line":66,"column":9},"end":{"line":66,"column":27}},"loc":{"start":{"line":66,"column":40},"end":{"line":86,"column":1}},"line":66},"6":{"name":"(anonymous_6)","decl":{"start":{"line":93,"column":10},"end":{"line":93,"column":11}},"loc":{"start":{"line":93,"column":16},"end":{"line":100,"column":1}},"line":93},"7":{"name":"(anonymous_7)","decl":{"start":{"line":101,"column":10},"end":{"line":101,"column":11}},"loc":{"start":{"line":101,"column":16},"end":{"line":101,"column":113}},"line":101},"8":{"name":"(anonymous_8)","decl":{"start":{"line":101,"column":39},"end":{"line":101,"column":40}},"loc":{"start":{"line":101,"column":45},"end":{"line":101,"column":112}},"line":101}},"branchMap":{"0":{"loc":{"start":{"line":38,"column":8},"end":{"line":43,"column":9}},"type":"if","locations":[{"start":{"line":38,"column":8},"end":{"line":43,"column":9}},{"start":{"line":38,"column":8},"end":{"line":43,"column":9}}],"line":38},"1":{"loc":{"start":{"line":59,"column":4},"end":{"line":62,"column":5}},"type":"if","locations":[{"start":{"line":59,"column":4},"end":{"line":62,"column":5}},{"start":{"line":59,"column":4},"end":{"line":62,"column":5}}],"line":59},"2":{"loc":{"start":{"line":69,"column":4},"end":{"line":80,"column":5}},"type":"switch","locations":[{"start":{"line":70,"column":8},"end":{"line":72,"column":18}},{"start":{"line":73,"column":8},"end":{"line":75,"column":18}},{"start":{"line":76,"column":8},"end":{"line":79,"column":18}}],"line":69},"3":{"loc":{"start":{"line":77,"column":26},"end":{"line":77,"column":99}},"type":"cond-expr","locations":[{"start":{"line":77,"column":57},"end":{"line":77,"column":61}},{"start":{"line":77,"column":64},"end":{"line":77,"column":99}}],"line":77},"4":{"loc":{"start":{"line":78,"column":19},"end":{"line":78,"column":81}},"type":"cond-expr","locations":[{"start":{"line":78,"column":27},"end":{"line":78,"column":54}},{"start":{"line":78,"column":57},"end":{"line":78,"column":81}}],"line":78},"5":{"loc":{"start":{"line":81,"column":26},"end":{"line":81,"column":87}},"type":"cond-expr","locations":[{"start":{"line":81,"column":70},"end":{"line":81,"column":75}},{"start":{"line":81,"column":78},"end":{"line":81,"column":87}}],"line":81},"6":{"loc":{"start":{"line":88,"column":15},"end":{"line":88,"column":90}},"type":"cond-expr","locations":[{"start":{"line":88,"column":47},"end":{"line":88,"column":51}},{"start":{"line":88,"column":54},"end":{"line":88,"column":90}}],"line":88},"7":{"loc":{"start":{"line":89,"column":15},"end":{"line":89,"column":54}},"type":"binary-expr","locations":[{"start":{"line":89,"column":15},"end":{"line":89,"column":35}},{"start":{"line":89,"column":39},"end":{"line":89,"column":54}}],"line":89},"8":{"loc":{"start":{"line":94,"column":4},"end":{"line":99,"column":5}},"type":"if","locations":[{"start":{"line":94,"column":4},"end":{"line":99,"column":5}},{"start":{"line":94,"column":4},"end":{"line":99,"column":5}}],"line":94}},"s":{"0":0,"1":0,"2":0,"3":0,"4":0,"5":0,"6":0,"7":0,"8":0,"9":0,"10":0,"11":0,"12":0,"13":0,"14":0,"15":0,"16":0,"17":0,"18":0,"19":0,"20":0,"21":0,"22":0,"23":0,"24":0,"25":0,"26":0,"27":0,"28":0,"29":0,"30":0,"31":0,"32":0,"33":0,"34":0,"35":0,"36":0,"37":0,"38":0,"39":0,"40":0,"41":0,"42":0,"43":0,"44":0,"45":0,"46":0,"47":0,"48":0,"49":0,"50":0},"f":{"0":0,"1":0,"2":0,"3":0,"4":0,"5":0,"6":0,"7":0,"8":0},"b":{"0":[0,0],"1":[0,0],"2":[0,0,0],"3":[0,0],"4":[0,0],"5":[0,0],"6":[0,0],"7":[0,0],"8":[0,0]}}
,"/home/travis/build/wasdk/WebAssemblyStudio/src/message.ts": {"path":"/home/travis/build/wasdk/WebAssemblyStudio/src/message.ts","statementMap":{"0":{"start":{"line":22,"column":0},"end":{"line":22,"column":62}},"1":{"start":{"line":24,"column":0},"end":{"line":34,"column":74}},"2":{"start":{"line":25,"column":4},"end":{"line":25,"column":94}},"3":{"start":{"line":26,"column":4},"end":{"line":26,"column":94}},"4":{"start":{"line":27,"column":4},"end":{"line":27,"column":108}},"5":{"start":{"line":28,"column":4},"end":{"line":28,"column":102}},"6":{"start":{"line":29,"column":4},"end":{"line":29,"column":100}},"7":{"start":{"line":30,"column":4},"end":{"line":30,"column":92}},"8":{"start":{"line":31,"column":4},"end":{"line":31,"column":92}},"9":{"start":{"line":32,"column":4},"end":{"line":32,"column":84}},"10":{"start":{"line":33,"column":4},"end":{"line":33,"column":66}}},"fnMap":{"0":{"name":"(anonymous_0)","decl":{"start":{"line":24,"column":1},"end":{"line":24,"column":2}},"loc":{"start":{"line":24,"column":26},"end":{"line":34,"column":1}},"line":24}},"branchMap":{"0":{"loc":{"start":{"line":34,"column":19},"end":{"line":34,"column":72}},"type":"binary-expr","locations":[{"start":{"line":34,"column":19},"end":{"line":34,"column":40}},{"start":{"line":34,"column":45},"end":{"line":34,"column":71}}],"line":34}},"s":{"0":16,"1":16,"2":16,"3":16,"4":16,"5":16,"6":16,"7":16,"8":16,"9":16,"10":16},"f":{"0":16},"b":{"0":[16,16]},"_coverageSchema":"332fd63041d2c1bcb487cc26dd0d5f7d97098a6c","hash":"5068117f5a1f81c1d3f7020f88a11422de17ae8e"}
,"/home/travis/build/wasdk/WebAssemblyStudio/src/model.ts": {"path":"/home/travis/build/wasdk/WebAssemblyStudio/src/model.ts","statementMap":{"0":{"start":{"line":22,"column":16},"end":{"line":29,"column":1}},"1":{"start":{"line":23,"column":4},"end":{"line":28,"column":7}},"2":{"start":{"line":24,"column":36},"end":{"line":24,"column":97}},"3":{"start":{"line":24,"column":42},"end":{"line":24,"column":70}},"4":{"start":{"line":24,"column":85},"end":{"line":24,"column":95}},"5":{"start":{"line":25,"column":35},"end":{"line":25,"column":100}},"6":{"start":{"line":25,"column":41},"end":{"line":25,"column":73}},"7":{"start":{"line":25,"column":88},"end":{"line":25,"column":98}},"8":{"start":{"line":26,"column":32},"end":{"line":26,"column":149}},"9":{"start":{"line":26,"column":97},"end":{"line":26,"column":119}},"10":{"start":{"line":27,"column":8},"end":{"line":27,"column":78}},"11":{"start":{"line":30,"column":0},"end":{"line":30,"column":62}},"12":{"start":{"line":31,"column":15},"end":{"line":31,"column":32}},"13":{"start":{"line":32,"column":20},"end":{"line":32,"column":40}},"14":{"start":{"line":33,"column":18},"end":{"line":33,"column":38}},"15":{"start":{"line":35,"column":4},"end":{"line":37,"column":5}},"16":{"start":{"line":36,"column":8},"end":{"line":36,"column":20}},"17":{"start":{"line":38,"column":4},"end":{"line":40,"column":5}},"18":{"start":{"line":39,"column":8},"end":{"line":39,"column":21}},"19":{"start":{"line":41,"column":4},"end":{"line":45,"column":5}},"20":{"start":{"line":42,"column":8},"end":{"line":44,"column":9}},"21":{"start":{"line":43,"column":12},"end":{"line":43,"column":25}},"22":{"start":{"line":46,"column":4},"end":{"line":46,"column":16}},"23":{"start":{"line":48,"column":0},"end":{"line":48,"column":40}},"24":{"start":{"line":50,"column":0},"end":{"line":68,"column":59}},"25":{"start":{"line":51,"column":4},"end":{"line":51,"column":42}},"26":{"start":{"line":52,"column":4},"end":{"line":52,"column":42}},"27":{"start":{"line":53,"column":4},"end":{"line":53,"column":30}},"28":{"start":{"line":54,"column":4},"end":{"line":54,"column":28}},"29":{"start":{"line":55,"column":4},"end":{"line":55,"column":24}},"30":{"start":{"line":56,"column":4},"end":{"line":56,"column":28}},"31":{"start":{"line":57,"column":4},"end":{"line":57,"column":30}},"32":{"start":{"line":58,"column":4},"end":{"line":58,"column":28}},"33":{"start":{"line":59,"column":4},"end":{"line":59,"column":30}},"34":{"start":{"line":60,"column":4},"end":{"line":60,"column":40}},"35":{"start":{"line":61,"column":4},"end":{"line":61,"column":28}},"36":{"start":{"line":62,"column":4},"end":{"line":62,"column":28}},"37":{"start":{"line":63,"column":4},"end":{"line":63,"column":38}},"38":{"start":{"line":64,"column":4},"end":{"line":64,"column":38}},"39":{"start":{"line":65,"column":4},"end":{"line":65,"column":30}},"40":{"start":{"line":66,"column":4},"end":{"line":66,"column":28}},"41":{"start":{"line":67,"column":4},"end":{"line":67,"column":36}},"42":{"start":{"line":70,"column":4},"end":{"line":75,"column":5}},"43":{"start":{"line":72,"column":12},"end":{"line":72,"column":24}},"44":{"start":{"line":74,"column":12},"end":{"line":74,"column":25}},"45":{"start":{"line":77,"column":0},"end":{"line":77,"column":44}},"46":{"start":{"line":79,"column":4},"end":{"line":117,"column":5}},"47":{"start":{"line":80,"column":8},"end":{"line":80,"column":22}},"48":{"start":{"line":82,"column":9},"end":{"line":117,"column":5}},"49":{"start":{"line":83,"column":8},"end":{"line":83,"column":21}},"50":{"start":{"line":85,"column":9},"end":{"line":117,"column":5}},"51":{"start":{"line":86,"column":8},"end":{"line":86,"column":28}},"52":{"start":{"line":88,"column":9},"end":{"line":117,"column":5}},"53":{"start":{"line":89,"column":8},"end":{"line":89,"column":28}},"54":{"start":{"line":91,"column":9},"end":{"line":117,"column":5}},"55":{"start":{"line":92,"column":8},"end":{"line":92,"column":21}},"56":{"start":{"line":94,"column":9},"end":{"line":117,"column":5}},"57":{"start":{"line":95,"column":8},"end":{"line":95,"column":22}},"58":{"start":{"line":97,"column":9},"end":{"line":117,"column":5}},"59":{"start":{"line":98,"column":8},"end":{"line":98,"column":21}},"60":{"start":{"line":100,"column":9},"end":{"line":117,"column":5}},"61":{"start":{"line":101,"column":8},"end":{"line":101,"column":21}},"62":{"start":{"line":103,"column":9},"end":{"line":117,"column":5}},"63":{"start":{"line":104,"column":8},"end":{"line":104,"column":21}},"64":{"start":{"line":106,"column":9},"end":{"line":117,"column":5}},"65":{"start":{"line":107,"column":8},"end":{"line":107,"column":26}},"66":{"start":{"line":109,"column":9},"end":{"line":117,"column":5}},"67":{"start":{"line":110,"column":8},"end":{"line":110,"column":22}},"68":{"start":{"line":112,"column":9},"end":{"line":117,"column":5}},"69":{"start":{"line":113,"column":8},"end":{"line":113,"column":22}},"70":{"start":{"line":115,"column":9},"end":{"line":117,"column":5}},"71":{"start":{"line":116,"column":8},"end":{"line":116,"column":21}},"72":{"start":{"line":118,"column":4},"end":{"line":118,"column":14}},"73":{"start":{"line":120,"column":0},"end":{"line":120,"column":50}},"74":{"start":{"line":122,"column":4},"end":{"line":160,"column":5}},"75":{"start":{"line":123,"column":8},"end":{"line":123,"column":22}},"76":{"start":{"line":125,"column":9},"end":{"line":160,"column":5}},"77":{"start":{"line":126,"column":8},"end":{"line":126,"column":21}},"78":{"start":{"line":128,"column":9},"end":{"line":160,"column":5}},"79":{"start":{"line":129,"column":8},"end":{"line":129,"column":28}},"80":{"start":{"line":131,"column":9},"end":{"line":160,"column":5}},"81":{"start":{"line":132,"column":8},"end":{"line":132,"column":28}},"82":{"start":{"line":134,"column":9},"end":{"line":160,"column":5}},"83":{"start":{"line":135,"column":8},"end":{"line":135,"column":19}},"84":{"start":{"line":137,"column":9},"end":{"line":160,"column":5}},"85":{"start":{"line":138,"column":8},"end":{"line":138,"column":21}},"86":{"start":{"line":140,"column":9},"end":{"line":160,"column":5}},"87":{"start":{"line":141,"column":8},"end":{"line":141,"column":34}},"88":{"start":{"line":143,"column":9},"end":{"line":160,"column":5}},"89":{"start":{"line":144,"column":8},"end":{"line":144,"column":29}},"90":{"start":{"line":146,"column":9},"end":{"line":160,"column":5}},"91":{"start":{"line":147,"column":8},"end":{"line":147,"column":26}},"92":{"start":{"line":149,"column":9},"end":{"line":160,"column":5}},"93":{"start":{"line":150,"column":8},"end":{"line":150,"column":22}},"94":{"start":{"line":152,"column":9},"end":{"line":160,"column":5}},"95":{"start":{"line":153,"column":8},"end":{"line":153,"column":26}},"96":{"start":{"line":155,"column":9},"end":{"line":160,"column":5}},"97":{"start":{"line":156,"column":8},"end":{"line":156,"column":22}},"98":{"start":{"line":158,"column":9},"end":{"line":160,"column":5}},"99":{"start":{"line":159,"column":8},"end":{"line":159,"column":21}},"100":{"start":{"line":161,"column":4},"end":{"line":161,"column":14}},"101":{"start":{"line":163,"column":0},"end":{"line":163,"column":42}},"102":{"start":{"line":165,"column":4},"end":{"line":203,"column":5}},"103":{"start":{"line":166,"column":8},"end":{"line":166,"column":22}},"104":{"start":{"line":168,"column":9},"end":{"line":203,"column":5}},"105":{"start":{"line":169,"column":8},"end":{"line":169,"column":21}},"106":{"start":{"line":171,"column":9},"end":{"line":203,"column":5}},"107":{"start":{"line":172,"column":8},"end":{"line":172,"column":20}},"108":{"start":{"line":174,"column":9},"end":{"line":203,"column":5}},"109":{"start":{"line":175,"column":8},"end":{"line":175,"column":20}},"110":{"start":{"line":177,"column":9},"end":{"line":203,"column":5}},"111":{"start":{"line":178,"column":8},"end":{"line":178,"column":19}},"112":{"start":{"line":180,"column":9},"end":{"line":203,"column":5}},"113":{"start":{"line":181,"column":8},"end":{"line":181,"column":21}},"114":{"start":{"line":183,"column":9},"end":{"line":203,"column":5}},"115":{"start":{"line":184,"column":8},"end":{"line":184,"column":21}},"116":{"start":{"line":186,"column":9},"end":{"line":203,"column":5}},"117":{"start":{"line":187,"column":8},"end":{"line":187,"column":22}},"118":{"start":{"line":189,"column":9},"end":{"line":203,"column":5}},"119":{"start":{"line":190,"column":8},"end":{"line":190,"column":20}},"120":{"start":{"line":192,"column":9},"end":{"line":203,"column":5}},"121":{"start":{"line":193,"column":8},"end":{"line":193,"column":20}},"122":{"start":{"line":195,"column":9},"end":{"line":203,"column":5}},"123":{"start":{"line":196,"column":8},"end":{"line":196,"column":22}},"124":{"start":{"line":198,"column":9},"end":{"line":203,"column":5}},"125":{"start":{"line":199,"column":8},"end":{"line":199,"column":22}},"126":{"start":{"line":201,"column":9},"end":{"line":203,"column":5}},"127":{"start":{"line":202,"column":8},"end":{"line":202,"column":21}},"128":{"start":{"line":204,"column":4},"end":{"line":204,"column":14}},"129":{"start":{"line":206,"column":0},"end":{"line":206,"column":52}},"130":{"start":{"line":208,"column":4},"end":{"line":208,"column":55}},"131":{"start":{"line":210,"column":0},"end":{"line":210,"column":52}},"132":{"start":{"line":212,"column":4},"end":{"line":250,"column":5}},"133":{"start":{"line":213,"column":8},"end":{"line":213,"column":29}},"134":{"start":{"line":215,"column":9},"end":{"line":250,"column":5}},"135":{"start":{"line":216,"column":8},"end":{"line":216,"column":28}},"136":{"start":{"line":218,"column":9},"end":{"line":250,"column":5}},"137":{"start":{"line":219,"column":8},"end":{"line":219,"column":35}},"138":{"start":{"line":221,"column":9},"end":{"line":250,"column":5}},"139":{"start":{"line":222,"column":8},"end":{"line":222,"column":35}},"140":{"start":{"line":224,"column":9},"end":{"line":250,"column":5}},"141":{"start":{"line":225,"column":8},"end":{"line":225,"column":26}},"142":{"start":{"line":227,"column":9},"end":{"line":250,"column":5}},"143":{"start":{"line":228,"column":8},"end":{"line":228,"column":28}},"144":{"start":{"line":230,"column":9},"end":{"line":250,"column":5}},"145":{"start":{"line":231,"column":8},"end":{"line":231,"column":28}},"146":{"start":{"line":233,"column":9},"end":{"line":250,"column":5}},"147":{"start":{"line":234,"column":8},"end":{"line":234,"column":29}},"148":{"start":{"line":236,"column":9},"end":{"line":250,"column":5}},"149":{"start":{"line":237,"column":8},"end":{"line":237,"column":33}},"150":{"start":{"line":239,"column":9},"end":{"line":250,"column":5}},"151":{"start":{"line":240,"column":8},"end":{"line":240,"column":29}},"152":{"start":{"line":242,"column":9},"end":{"line":250,"column":5}},"153":{"start":{"line":243,"column":8},"end":{"line":243,"column":33}},"154":{"start":{"line":245,"column":9},"end":{"line":250,"column":5}},"155":{"start":{"line":246,"column":8},"end":{"line":246,"column":29}},"156":{"start":{"line":248,"column":9},"end":{"line":250,"column":5}},"157":{"start":{"line":249,"column":8},"end":{"line":249,"column":28}},"158":{"start":{"line":251,"column":4},"end":{"line":251,"column":16}},"159":{"start":{"line":253,"column":0},"end":{"line":253,"column":52}},"160":{"start":{"line":255,"column":4},"end":{"line":272,"column":5}},"161":{"start":{"line":256,"column":8},"end":{"line":256,"column":27}},"162":{"start":{"line":258,"column":9},"end":{"line":272,"column":5}},"163":{"start":{"line":259,"column":8},"end":{"line":259,"column":40}},"164":{"start":{"line":261,"column":9},"end":{"line":272,"column":5}},"165":{"start":{"line":262,"column":8},"end":{"line":262,"column":34}},"166":{"start":{"line":264,"column":9},"end":{"line":272,"column":5}},"167":{"start":{"line":265,"column":8},"end":{"line":265,"column":34}},"168":{"start":{"line":267,"column":9},"end":{"line":272,"column":5}},"169":{"start":{"line":268,"column":8},"end":{"line":268,"column":28}},"170":{"start":{"line":270,"column":9},"end":{"line":272,"column":5}},"171":{"start":{"line":271,"column":8},"end":{"line":271,"column":31}},"172":{"start":{"line":273,"column":4},"end":{"line":273,"column":14}},"173":{"start":{"line":275,"column":0},"end":{"line":275,"column":50}},"174":{"start":{"line":277,"column":4},"end":{"line":291,"column":5}},"175":{"start":{"line":278,"column":8},"end":{"line":278,"column":29}},"176":{"start":{"line":280,"column":9},"end":{"line":291,"column":5}},"177":{"start":{"line":281,"column":8},"end":{"line":281,"column":35}},"178":{"start":{"line":283,"column":9},"end":{"line":291,"column":5}},"179":{"start":{"line":284,"column":8},"end":{"line":284,"column":29}},"180":{"start":{"line":286,"column":9},"end":{"line":291,"column":5}},"181":{"start":{"line":287,"column":8},"end":{"line":287,"column":33}},"182":{"start":{"line":289,"column":9},"end":{"line":291,"column":5}},"183":{"start":{"line":290,"column":8},"end":{"line":290,"column":29}},"184":{"start":{"line":292,"column":4},"end":{"line":292,"column":28}},"185":{"start":{"line":294,"column":0},"end":{"line":294,"column":50}},"186":{"start":{"line":296,"column":4},"end":{"line":331,"column":5}},"187":{"start":{"line":297,"column":8},"end":{"line":297,"column":43}},"188":{"start":{"line":299,"column":9},"end":{"line":331,"column":5}},"189":{"start":{"line":300,"column":8},"end":{"line":300,"column":43}},"190":{"start":{"line":302,"column":9},"end":{"line":331,"column":5}},"191":{"start":{"line":303,"column":8},"end":{"line":303,"column":34}},"192":{"start":{"line":305,"column":9},"end":{"line":331,"column":5}},"193":{"start":{"line":306,"column":8},"end":{"line":306,"column":36}},"194":{"start":{"line":308,"column":9},"end":{"line":331,"column":5}},"195":{"start":{"line":309,"column":8},"end":{"line":309,"column":37}},"196":{"start":{"line":311,"column":9},"end":{"line":331,"column":5}},"197":{"start":{"line":312,"column":8},"end":{"line":312,"column":41}},"198":{"start":{"line":314,"column":9},"end":{"line":331,"column":5}},"199":{"start":{"line":315,"column":8},"end":{"line":315,"column":37}},"200":{"start":{"line":317,"column":9},"end":{"line":331,"column":5}},"201":{"start":{"line":318,"column":8},"end":{"line":318,"column":36}},"202":{"start":{"line":320,"column":9},"end":{"line":331,"column":5}},"203":{"start":{"line":321,"column":8},"end":{"line":321,"column":29}},"204":{"start":{"line":323,"column":9},"end":{"line":331,"column":5}},"205":{"start":{"line":324,"column":8},"end":{"line":324,"column":37}},"206":{"start":{"line":326,"column":9},"end":{"line":331,"column":5}},"207":{"start":{"line":327,"column":8},"end":{"line":327,"column":37}},"208":{"start":{"line":329,"column":9},"end":{"line":331,"column":5}},"209":{"start":{"line":330,"column":8},"end":{"line":330,"column":36}},"210":{"start":{"line":332,"column":4},"end":{"line":332,"column":31}},"211":{"start":{"line":334,"column":0},"end":{"line":334,"column":48}},"212":{"start":{"line":337,"column":8},"end":{"line":337,"column":28}},"213":{"start":{"line":338,"column":8},"end":{"line":338,"column":25}},"214":{"start":{"line":341,"column":8},"end":{"line":343,"column":9}},"215":{"start":{"line":342,"column":12},"end":{"line":342,"column":19}},"216":{"start":{"line":344,"column":8},"end":{"line":344,"column":38}},"217":{"start":{"line":347,"column":18},"end":{"line":347,"column":50}},"218":{"start":{"line":348,"column":8},"end":{"line":350,"column":9}},"219":{"start":{"line":349,"column":12},"end":{"line":349,"column":49}},"220":{"start":{"line":351,"column":8},"end":{"line":351,"column":36}},"221":{"start":{"line":355,"column":8},"end":{"line":357,"column":11}},"222":{"start":{"line":356,"column":12},"end":{"line":356,"column":29}},"223":{"start":{"line":360,"column":0},"end":{"line":360,"column":42}},"224":{"start":{"line":362,"column":4},"end":{"line":366,"column":5}},"225":{"start":{"line":363,"column":41},"end":{"line":363,"column":55}},"226":{"start":{"line":364,"column":44},"end":{"line":364,"column":61}},"227":{"start":{"line":365,"column":42},"end":{"line":365,"column":57}},"228":{"start":{"line":368,"column":14},"end":{"line":368,"column":15}},"229":{"start":{"line":370,"column":4},"end":{"line":370,"column":21}},"230":{"start":{"line":374,"column":8},"end":{"line":374,"column":25}},"231":{"start":{"line":375,"column":8},"end":{"line":375,"column":39}},"232":{"start":{"line":376,"column":8},"end":{"line":376,"column":33}},"233":{"start":{"line":377,"column":8},"end":{"line":377,"column":29}},"234":{"start":{"line":378,"column":8},"end":{"line":378,"column":40}},"235":{"start":{"line":381,"column":8},"end":{"line":381,"column":154}},"236":{"start":{"line":384,"column":0},"end":{"line":384,"column":26}},"237":{"start":{"line":390,"column":8},"end":{"line":390,"column":29}},"238":{"start":{"line":391,"column":8},"end":{"line":391,"column":38}},"239":{"start":{"line":396,"column":8},"end":{"line":396,"column":33}},"240":{"start":{"line":397,"column":8},"end":{"line":397,"column":71}},"241":{"start":{"line":398,"column":8},"end":{"line":398,"column":75}},"242":{"start":{"line":399,"column":8},"end":{"line":399,"column":79}},"243":{"start":{"line":400,"column":8},"end":{"line":400,"column":78}},"244":{"start":{"line":401,"column":8},"end":{"line":401,"column":40}},"245":{"start":{"line":402,"column":8},"end":{"line":402,"column":27}},"246":{"start":{"line":403,"column":8},"end":{"line":403,"column":25}},"247":{"start":{"line":404,"column":8},"end":{"line":404,"column":25}},"248":{"start":{"line":405,"column":8},"end":{"line":405,"column":25}},"249":{"start":{"line":406,"column":8},"end":{"line":413,"column":9}},"250":{"start":{"line":407,"column":12},"end":{"line":407,"column":47}},"251":{"start":{"line":408,"column":12},"end":{"line":408,"column":56}},"252":{"start":{"line":411,"column":12},"end":{"line":411,"column":35}},"253":{"start":{"line":412,"column":12},"end":{"line":412,"column":90}},"254":{"start":{"line":414,"column":8},"end":{"line":414,"column":70}},"255":{"start":{"line":415,"column":8},"end":{"line":427,"column":11}},"256":{"start":{"line":418,"column":12},"end":{"line":420,"column":13}},"257":{"start":{"line":419,"column":16},"end":{"line":419,"column":23}},"258":{"start":{"line":421,"column":12},"end":{"line":424,"column":13}},"259":{"start":{"line":422,"column":16},"end":{"line":422,"column":36}},"260":{"start":{"line":423,"column":16},"end":{"line":423,"column":44}},"261":{"start":{"line":425,"column":12},"end":{"line":425,"column":41}},"262":{"start":{"line":426,"column":12},"end":{"line":426,"column":71}},"263":{"start":{"line":428,"column":8},"end":{"line":428,"column":27}},"264":{"start":{"line":431,"column":8},"end":{"line":431,"column":25}},"265":{"start":{"line":432,"column":8},"end":{"line":432,"column":39}},"266":{"start":{"line":433,"column":8},"end":{"line":435,"column":9}},"267":{"start":{"line":434,"column":12},"end":{"line":434,"column":54}},"268":{"start":{"line":438,"column":19},"end":{"line":438,"column":23}},"269":{"start":{"line":439,"column":8},"end":{"line":442,"column":9}},"270":{"start":{"line":440,"column":12},"end":{"line":440,"column":46}},"271":{"start":{"line":441,"column":12},"end":{"line":441,"column":31}},"272":{"start":{"line":445,"column":19},"end":{"line":445,"column":23}},"273":{"start":{"line":446,"column":8},"end":{"line":449,"column":9}},"274":{"start":{"line":447,"column":12},"end":{"line":447,"column":44}},"275":{"start":{"line":448,"column":12},"end":{"line":448,"column":31}},"276":{"start":{"line":452,"column":19},"end":{"line":452,"column":23}},"277":{"start":{"line":453,"column":8},"end":{"line":456,"column":9}},"278":{"start":{"line":454,"column":12},"end":{"line":454,"column":45}},"279":{"start":{"line":455,"column":12},"end":{"line":455,"column":31}},"280":{"start":{"line":459,"column":8},"end":{"line":462,"column":9}},"281":{"start":{"line":460,"column":12},"end":{"line":460,"column":33}},"282":{"start":{"line":461,"column":12},"end":{"line":461,"column":40}},"283":{"start":{"line":465,"column":8},"end":{"line":481,"column":11}},"284":{"start":{"line":466,"column":12},"end":{"line":480,"column":13}},"285":{"start":{"line":467,"column":31},"end":{"line":467,"column":89}},"286":{"start":{"line":468,"column":16},"end":{"line":468,"column":45}},"287":{"start":{"line":469,"column":16},"end":{"line":469,"column":34}},"288":{"start":{"line":470,"column":16},"end":{"line":470,"column":47}},"289":{"start":{"line":471,"column":16},"end":{"line":471,"column":45}},"290":{"start":{"line":472,"column":16},"end":{"line":472,"column":95}},"291":{"start":{"line":473,"column":16},"end":{"line":473,"column":135}},"292":{"start":{"line":474,"column":16},"end":{"line":474,"column":23}},"293":{"start":{"line":477,"column":16},"end":{"line":477,"column":48}},"294":{"start":{"line":478,"column":16},"end":{"line":478,"column":34}},"295":{"start":{"line":479,"column":16},"end":{"line":479,"column":45}},"296":{"start":{"line":484,"column":8},"end":{"line":484,"column":33}},"297":{"start":{"line":485,"column":19},"end":{"line":485,"column":23}},"298":{"start":{"line":486,"column":8},"end":{"line":489,"column":9}},"299":{"start":{"line":487,"column":12},"end":{"line":487,"column":48}},"300":{"start":{"line":488,"column":12},"end":{"line":488,"column":31}},"301":{"start":{"line":492,"column":8},"end":{"line":500,"column":11}},"302":{"start":{"line":493,"column":26},"end":{"line":493,"column":37}},"303":{"start":{"line":494,"column":12},"end":{"line":496,"column":13}},"304":{"start":{"line":495,"column":16},"end":{"line":495,"column":43}},"305":{"start":{"line":497,"column":27},"end":{"line":497,"column":82}},"306":{"start":{"line":498,"column":27},"end":{"line":498,"column":50}},"307":{"start":{"line":499,"column":12},"end":{"line":499,"column":62}},"308":{"start":{"line":503,"column":8},"end":{"line":503,"column":36}},"309":{"start":{"line":504,"column":8},"end":{"line":504,"column":25}},"310":{"start":{"line":505,"column":8},"end":{"line":505,"column":35}},"311":{"start":{"line":506,"column":8},"end":{"line":506,"column":34}},"312":{"start":{"line":509,"column":8},"end":{"line":514,"column":9}},"313":{"start":{"line":510,"column":28},"end":{"line":510,"column":45}},"314":{"start":{"line":511,"column":12},"end":{"line":513,"column":13}},"315":{"start":{"line":512,"column":16},"end":{"line":512,"column":55}},"316":{"start":{"line":515,"column":8},"end":{"line":515,"column":25}},"317":{"start":{"line":518,"column":21},"end":{"line":518,"column":32}},"318":{"start":{"line":519,"column":8},"end":{"line":526,"column":9}},"319":{"start":{"line":520,"column":12},"end":{"line":522,"column":13}},"320":{"start":{"line":521,"column":16},"end":{"line":521,"column":39}},"321":{"start":{"line":523,"column":12},"end":{"line":525,"column":13}},"322":{"start":{"line":524,"column":16},"end":{"line":524,"column":30}},"323":{"start":{"line":527,"column":8},"end":{"line":527,"column":20}},"324":{"start":{"line":530,"column":20},"end":{"line":530,"column":21}},"325":{"start":{"line":531,"column":21},"end":{"line":531,"column":32}},"326":{"start":{"line":532,"column":8},"end":{"line":535,"column":9}},"327":{"start":{"line":533,"column":12},"end":{"line":533,"column":35}},"328":{"start":{"line":534,"column":12},"end":{"line":534,"column":20}},"329":{"start":{"line":536,"column":8},"end":{"line":536,"column":21}},"330":{"start":{"line":542,"column":21},"end":{"line":542,"column":23}},"331":{"start":{"line":543,"column":21},"end":{"line":543,"column":32}},"332":{"start":{"line":544,"column":8},"end":{"line":547,"column":9}},"333":{"start":{"line":545,"column":12},"end":{"line":545,"column":38}},"334":{"start":{"line":546,"column":12},"end":{"line":546,"column":35}},"335":{"start":{"line":548,"column":8},"end":{"line":548,"column":29}},"336":{"start":{"line":549,"column":8},"end":{"line":549,"column":30}},"337":{"start":{"line":552,"column":8},"end":{"line":573,"column":11}},"338":{"start":{"line":553,"column":12},"end":{"line":555,"column":13}},"339":{"start":{"line":554,"column":16},"end":{"line":554,"column":23}},"340":{"start":{"line":556,"column":12},"end":{"line":571,"column":13}},"341":{"start":{"line":557,"column":16},"end":{"line":566,"column":17}},"342":{"start":{"line":558,"column":20},"end":{"line":565,"column":21}},"343":{"start":{"line":559,"column":37},"end":{"line":559,"column":104}},"344":{"start":{"line":560,"column":24},"end":{"line":560,"column":42}},"345":{"start":{"line":561,"column":24},"end":{"line":561,"column":41}},"346":{"start":{"line":564,"column":24},"end":{"line":564,"column":57}},"347":{"start":{"line":569,"column":16},"end":{"line":569,"column":51}},"348":{"start":{"line":570,"column":16},"end":{"line":570,"column":34}},"349":{"start":{"line":572,"column":12},"end":{"line":572,"column":39}},"350":{"start":{"line":576,"column":8},"end":{"line":576,"column":42}},"351":{"start":{"line":579,"column":21},"end":{"line":579,"column":32}},"352":{"start":{"line":580,"column":8},"end":{"line":585,"column":9}},"353":{"start":{"line":581,"column":12},"end":{"line":583,"column":13}},"354":{"start":{"line":582,"column":16},"end":{"line":582,"column":28}},"355":{"start":{"line":584,"column":12},"end":{"line":584,"column":35}},"356":{"start":{"line":586,"column":8},"end":{"line":586,"column":21}},"357":{"start":{"line":589,"column":0},"end":{"line":589,"column":20}},"358":{"start":{"line":592,"column":8},"end":{"line":592,"column":40}},"359":{"start":{"line":593,"column":8},"end":{"line":593,"column":27}},"360":{"start":{"line":594,"column":8},"end":{"line":594,"column":27}},"361":{"start":{"line":595,"column":8},"end":{"line":595,"column":77}},"362":{"start":{"line":598,"column":24},"end":{"line":598,"column":28}},"363":{"start":{"line":599,"column":8},"end":{"line":602,"column":9}},"364":{"start":{"line":600,"column":12},"end":{"line":600,"column":53}},"365":{"start":{"line":601,"column":12},"end":{"line":601,"column":41}},"366":{"start":{"line":605,"column":8},"end":{"line":620,"column":9}},"367":{"start":{"line":606,"column":12},"end":{"line":616,"column":15}},"368":{"start":{"line":607,"column":16},"end":{"line":609,"column":17}},"369":{"start":{"line":608,"column":20},"end":{"line":608,"column":33}},"370":{"start":{"line":610,"column":16},"end":{"line":615,"column":17}},"371":{"start":{"line":611,"column":20},"end":{"line":611,"column":73}},"372":{"start":{"line":614,"column":20},"end":{"line":614,"column":29}},"373":{"start":{"line":619,"column":12},"end":{"line":619,"column":38}},"374":{"start":{"line":623,"column":8},"end":{"line":628,"column":19}},"375":{"start":{"line":624,"column":12},"end":{"line":626,"column":13}},"376":{"start":{"line":625,"column":16},"end":{"line":625,"column":29}},"377":{"start":{"line":627,"column":12},"end":{"line":627,"column":24}},"378":{"start":{"line":631,"column":8},"end":{"line":631,"column":44}},"379":{"start":{"line":632,"column":8},"end":{"line":632,"column":58}},"380":{"start":{"line":633,"column":8},"end":{"line":633,"column":33}},"381":{"start":{"line":634,"column":8},"end":{"line":634,"column":27}},"382":{"start":{"line":635,"column":8},"end":{"line":635,"column":43}},"383":{"start":{"line":638,"column":8},"end":{"line":638,"column":44}},"384":{"start":{"line":639,"column":18},"end":{"line":639,"column":45}},"385":{"start":{"line":640,"column":8},"end":{"line":640,"column":30}},"386":{"start":{"line":641,"column":8},"end":{"line":641,"column":35}},"387":{"start":{"line":642,"column":8},"end":{"line":642,"column":27}},"388":{"start":{"line":643,"column":8},"end":{"line":643,"column":43}},"389":{"start":{"line":646,"column":8},"end":{"line":648,"column":9}},"390":{"start":{"line":647,"column":12},"end":{"line":647,"column":35}},"391":{"start":{"line":649,"column":24},"end":{"line":649,"column":28}},"392":{"start":{"line":650,"column":8},"end":{"line":661,"column":9}},"393":{"start":{"line":651,"column":25},"end":{"line":651,"column":37}},"394":{"start":{"line":652,"column":23},"end":{"line":652,"column":56}},"395":{"start":{"line":653,"column":12},"end":{"line":660,"column":13}},"396":{"start":{"line":654,"column":16},"end":{"line":654,"column":33}},"397":{"start":{"line":657,"column":16},"end":{"line":657,"column":43}},"398":{"start":{"line":658,"column":16},"end":{"line":658,"column":40}},"399":{"start":{"line":659,"column":16},"end":{"line":659,"column":33}},"400":{"start":{"line":662,"column":8},"end":{"line":662,"column":54}},"401":{"start":{"line":663,"column":8},"end":{"line":663,"column":25}},"402":{"start":{"line":666,"column":8},"end":{"line":668,"column":9}},"403":{"start":{"line":667,"column":12},"end":{"line":667,"column":35}},"404":{"start":{"line":669,"column":24},"end":{"line":669,"column":28}},"405":{"start":{"line":670,"column":8},"end":{"line":672,"column":9}},"406":{"start":{"line":671,"column":12},"end":{"line":671,"column":74}},"407":{"start":{"line":673,"column":21},"end":{"line":673,"column":42}},"408":{"start":{"line":674,"column":19},"end":{"line":674,"column":42}},"409":{"start":{"line":675,"column":8},"end":{"line":681,"column":9}},"410":{"start":{"line":676,"column":12},"end":{"line":676,"column":46}},"411":{"start":{"line":679,"column":12},"end":{"line":679,"column":57}},"412":{"start":{"line":680,"column":12},"end":{"line":680,"column":36}},"413":{"start":{"line":682,"column":8},"end":{"line":682,"column":39}},"414":{"start":{"line":683,"column":8},"end":{"line":683,"column":20}},"415":{"start":{"line":686,"column":8},"end":{"line":688,"column":11}},"416":{"start":{"line":687,"column":12},"end":{"line":687,"column":38}},"417":{"start":{"line":691,"column":8},"end":{"line":693,"column":9}},"418":{"start":{"line":692,"column":12},"end":{"line":692,"column":35}},"419":{"start":{"line":694,"column":21},"end":{"line":694,"column":52}},"420":{"start":{"line":695,"column":8},"end":{"line":702,"column":9}},"421":{"start":{"line":696,"column":12},"end":{"line":701,"column":13}},"422":{"start":{"line":697,"column":16},"end":{"line":697,"column":51}},"423":{"start":{"line":700,"column":16},"end":{"line":700,"column":28}},"424":{"start":{"line":703,"column":8},"end":{"line":703,"column":20}},"425":{"start":{"line":706,"column":21},"end":{"line":706,"column":23}},"426":{"start":{"line":708,"column":12},"end":{"line":710,"column":13}},"427":{"start":{"line":709,"column":16},"end":{"line":709,"column":30}},"428":{"start":{"line":711,"column":12},"end":{"line":719,"column":15}},"429":{"start":{"line":712,"column":29},"end":{"line":712,"column":47}},"430":{"start":{"line":713,"column":16},"end":{"line":718,"column":17}},"431":{"start":{"line":714,"column":20},"end":{"line":714,"column":40}},"432":{"start":{"line":717,"column":20},"end":{"line":717,"column":36}},"433":{"start":{"line":721,"column":8},"end":{"line":721,"column":26}},"434":{"start":{"line":722,"column":8},"end":{"line":722,"column":20}},"435":{"start":{"line":725,"column":19},"end":{"line":725,"column":53}},"436":{"start":{"line":726,"column":8},"end":{"line":726,"column":58}},"437":{"start":{"line":726,"column":42},"end":{"line":726,"column":56}},"438":{"start":{"line":729,"column":8},"end":{"line":729,"column":66}},"439":{"start":{"line":729,"column":46},"end":{"line":729,"column":64}},"440":{"start":{"line":732,"column":0},"end":{"line":732,"column":30}},"441":{"start":{"line":735,"column":8},"end":{"line":735,"column":25}},"442":{"start":{"line":736,"column":8},"end":{"line":736,"column":70}},"443":{"start":{"line":737,"column":8},"end":{"line":737,"column":62}},"444":{"start":{"line":738,"column":8},"end":{"line":738,"column":70}},"445":{"start":{"line":739,"column":8},"end":{"line":739,"column":31}},"446":{"start":{"line":742,"column":8},"end":{"line":742,"column":38}},"447":{"start":{"line":745,"column":8},"end":{"line":747,"column":9}},"448":{"start":{"line":746,"column":12},"end":{"line":746,"column":55}},"449":{"start":{"line":748,"column":8},"end":{"line":748,"column":18}},"450":{"start":{"line":751,"column":8},"end":{"line":751,"column":33}},"451":{"start":{"line":752,"column":8},"end":{"line":752,"column":42}},"452":{"start":{"line":755,"column":8},"end":{"line":755,"column":42}},"453":{"start":{"line":756,"column":8},"end":{"line":756,"column":26}},"454":{"start":{"line":757,"column":8},"end":{"line":757,"column":42}},"455":{"start":{"line":760,"column":0},"end":{"line":760,"column":26}},"456":{"start":{"line":761,"column":20},"end":{"line":761,"column":33}},"457":{"start":{"line":764,"column":8},"end":{"line":764,"column":23}},"458":{"start":{"line":767,"column":8},"end":{"line":767,"column":24}},"459":{"start":{"line":770,"column":8},"end":{"line":772,"column":9}},"460":{"start":{"line":771,"column":12},"end":{"line":771,"column":40}},"461":{"start":{"line":773,"column":20},"end":{"line":773,"column":37}},"462":{"start":{"line":774,"column":8},"end":{"line":774,"column":34}},"463":{"start":{"line":775,"column":8},"end":{"line":775,"column":19}},"464":{"start":{"line":778,"column":0},"end":{"line":778,"column":28}}},"fnMap":{"0":{"name":"(anonymous_0)","decl":{"start":{"line":22,"column":44},"end":{"line":22,"column":45}},"loc":{"start":{"line":22,"column":89},"end":{"line":29,"column":1}},"line":22},"1":{"name":"(anonymous_1)","decl":{"start":{"line":23,"column":36},"end":{"line":23,"column":37}},"loc":{"start":{"line":23,"column":63},"end":{"line":28,"column":5}},"line":23},"2":{"name":"fulfilled","decl":{"start":{"line":24,"column":17},"end":{"line":24,"column":26}},"loc":{"start":{"line":24,"column":34},"end":{"line":24,"column":99}},"line":24},"3":{"name":"rejected","decl":{"start":{"line":25,"column":17},"end":{"line":25,"column":25}},"loc":{"start":{"line":25,"column":33},"end":{"line":25,"column":102}},"line":25},"4":{"name":"step","decl":{"start":{"line":26,"column":17},"end":{"line":26,"column":21}},"loc":{"start":{"line":26,"column":30},"end":{"line":26,"column":151}},"line":26},"5":{"name":"(anonymous_5)","decl":{"start":{"line":26,"column":76},"end":{"line":26,"column":77}},"loc":{"start":{"line":26,"column":95},"end":{"line":26,"column":121}},"line":26},"6":{"name":"shallowCompare","decl":{"start":{"line":34,"column":9},"end":{"line":34,"column":23}},"loc":{"start":{"line":34,"column":30},"end":{"line":47,"column":1}},"line":34},"7":{"name":"(anonymous_7)","decl":{"start":{"line":50,"column":1},"end":{"line":50,"column":2}},"loc":{"start":{"line":50,"column":21},"end":{"line":68,"column":1}},"line":50},"8":{"name":"isBinaryFileType","decl":{"start":{"line":69,"column":9},"end":{"line":69,"column":25}},"loc":{"start":{"line":69,"column":32},"end":{"line":76,"column":1}},"line":69},"9":{"name":"languageForFileType","decl":{"start":{"line":78,"column":9},"end":{"line":78,"column":28}},"loc":{"start":{"line":78,"column":35},"end":{"line":119,"column":1}},"line":78},"10":{"name":"nameForFileType","decl":{"start":{"line":121,"column":9},"end":{"line":121,"column":24}},"loc":{"start":{"line":121,"column":31},"end":{"line":162,"column":1}},"line":121},"11":{"name":"extensionForFileType","decl":{"start":{"line":164,"column":9},"end":{"line":164,"column":29}},"loc":{"start":{"line":164,"column":36},"end":{"line":205,"column":1}},"line":164},"12":{"name":"fileTypeFromFileName","decl":{"start":{"line":207,"column":9},"end":{"line":207,"column":29}},"loc":{"start":{"line":207,"column":36},"end":{"line":209,"column":1}},"line":207},"13":{"name":"fileTypeForExtension","decl":{"start":{"line":211,"column":9},"end":{"line":211,"column":29}},"loc":{"start":{"line":211,"column":41},"end":{"line":252,"column":1}},"line":211},"14":{"name":"mimeTypeForFileType","decl":{"start":{"line":254,"column":9},"end":{"line":254,"column":28}},"loc":{"start":{"line":254,"column":35},"end":{"line":274,"column":1}},"line":254},"15":{"name":"fileTypeForMimeType","decl":{"start":{"line":276,"column":9},"end":{"line":276,"column":28}},"loc":{"start":{"line":276,"column":35},"end":{"line":293,"column":1}},"line":276},"16":{"name":"getIconForFileType","decl":{"start":{"line":295,"column":9},"end":{"line":295,"column":27}},"loc":{"start":{"line":295,"column":38},"end":{"line":333,"column":1}},"line":295},"17":{"name":"(anonymous_17)","decl":{"start":{"line":336,"column":4},"end":{"line":336,"column":5}},"loc":{"start":{"line":336,"column":22},"end":{"line":339,"column":5}},"line":336},"18":{"name":"(anonymous_18)","decl":{"start":{"line":340,"column":4},"end":{"line":340,"column":5}},"loc":{"start":{"line":340,"column":23},"end":{"line":345,"column":5}},"line":340},"19":{"name":"(anonymous_19)","decl":{"start":{"line":346,"column":4},"end":{"line":346,"column":5}},"loc":{"start":{"line":346,"column":25},"end":{"line":352,"column":5}},"line":346},"20":{"name":"(anonymous_20)","decl":{"start":{"line":353,"column":4},"end":{"line":353,"column":5}},"loc":{"start":{"line":353,"column":21},"end":{"line":358,"column":5}},"line":353},"21":{"name":"(anonymous_21)","decl":{"start":{"line":355,"column":31},"end":{"line":355,"column":32}},"loc":{"start":{"line":355,"column":43},"end":{"line":357,"column":9}},"line":355},"22":{"name":"monacoSeverityToString","decl":{"start":{"line":361,"column":9},"end":{"line":361,"column":31}},"loc":{"start":{"line":361,"column":42},"end":{"line":367,"column":1}},"line":361},"23":{"name":"getNextKey","decl":{"start":{"line":369,"column":9},"end":{"line":369,"column":19}},"loc":{"start":{"line":369,"column":22},"end":{"line":371,"column":1}},"line":369},"24":{"name":"(anonymous_24)","decl":{"start":{"line":373,"column":4},"end":{"line":373,"column":5}},"loc":{"start":{"line":373,"column":53},"end":{"line":379,"column":5}},"line":373},"25":{"name":"(anonymous_25)","decl":{"start":{"line":380,"column":4},"end":{"line":380,"column":5}},"loc":{"start":{"line":380,"column":36},"end":{"line":382,"column":5}},"line":380},"26":{"name":"(anonymous_26)","decl":{"start":{"line":386,"column":4},"end":{"line":386,"column":5}},"loc":{"start":{"line":386,"column":28},"end":{"line":429,"column":5}},"line":386},"27":{"name":"(anonymous_27)","decl":{"start":{"line":415,"column":39},"end":{"line":415,"column":40}},"loc":{"start":{"line":415,"column":46},"end":{"line":427,"column":9}},"line":415},"28":{"name":"(anonymous_28)","decl":{"start":{"line":430,"column":4},"end":{"line":430,"column":5}},"loc":{"start":{"line":430,"column":51},"end":{"line":436,"column":5}},"line":430},"29":{"name":"(anonymous_29)","decl":{"start":{"line":437,"column":4},"end":{"line":437,"column":5}},"loc":{"start":{"line":437,"column":28},"end":{"line":443,"column":5}},"line":437},"30":{"name":"(anonymous_30)","decl":{"start":{"line":444,"column":4},"end":{"line":444,"column":5}},"loc":{"start":{"line":444,"column":26},"end":{"line":450,"column":5}},"line":444},"31":{"name":"(anonymous_31)","decl":{"start":{"line":451,"column":4},"end":{"line":451,"column":5}},"loc":{"start":{"line":451,"column":27},"end":{"line":457,"column":5}},"line":451},"32":{"name":"(anonymous_32)","decl":{"start":{"line":458,"column":4},"end":{"line":458,"column":5}},"loc":{"start":{"line":458,"column":17},"end":{"line":463,"column":5}},"line":458},"33":{"name":"(anonymous_33)","decl":{"start":{"line":464,"column":4},"end":{"line":464,"column":5}},"loc":{"start":{"line":464,"column":25},"end":{"line":482,"column":5}},"line":464},"34":{"name":"(anonymous_34)","decl":{"start":{"line":465,"column":47},"end":{"line":465,"column":48}},"loc":{"start":{"line":465,"column":60},"end":{"line":481,"column":9}},"line":465},"35":{"name":"(anonymous_35)","decl":{"start":{"line":483,"column":4},"end":{"line":483,"column":5}},"loc":{"start":{"line":483,"column":26},"end":{"line":490,"column":5}},"line":483},"36":{"name":"(anonymous_36)","decl":{"start":{"line":491,"column":4},"end":{"line":491,"column":5}},"loc":{"start":{"line":491,"column":20},"end":{"line":501,"column":5}},"line":491},"37":{"name":"(anonymous_37)","decl":{"start":{"line":492,"column":47},"end":{"line":492,"column":48}},"loc":{"start":{"line":492,"column":60},"end":{"line":500,"column":9}},"line":492},"38":{"name":"(anonymous_38)","decl":{"start":{"line":502,"column":4},"end":{"line":502,"column":5}},"loc":{"start":{"line":502,"column":26},"end":{"line":507,"column":5}},"line":502},"39":{"name":"(anonymous_39)","decl":{"start":{"line":508,"column":4},"end":{"line":508,"column":5}},"loc":{"start":{"line":508,"column":14},"end":{"line":516,"column":5}},"line":508},"40":{"name":"(anonymous_40)","decl":{"start":{"line":517,"column":4},"end":{"line":517,"column":5}},"loc":{"start":{"line":517,"column":17},"end":{"line":528,"column":5}},"line":517},"41":{"name":"(anonymous_41)","decl":{"start":{"line":529,"column":4},"end":{"line":529,"column":5}},"loc":{"start":{"line":529,"column":15},"end":{"line":537,"column":5}},"line":529},"42":{"name":"(anonymous_42)","decl":{"start":{"line":541,"column":4},"end":{"line":541,"column":5}},"loc":{"start":{"line":541,"column":25},"end":{"line":550,"column":5}},"line":541},"43":{"name":"(anonymous_43)","decl":{"start":{"line":551,"column":4},"end":{"line":551,"column":5}},"loc":{"start":{"line":551,"column":17},"end":{"line":574,"column":5}},"line":551},"44":{"name":"(anonymous_44)","decl":{"start":{"line":552,"column":47},"end":{"line":552,"column":48}},"loc":{"start":{"line":552,"column":60},"end":{"line":573,"column":9}},"line":552},"45":{"name":"(anonymous_45)","decl":{"start":{"line":575,"column":4},"end":{"line":575,"column":5}},"loc":{"start":{"line":575,"column":15},"end":{"line":577,"column":5}},"line":575},"46":{"name":"(anonymous_46)","decl":{"start":{"line":578,"column":4},"end":{"line":578,"column":5}},"loc":{"start":{"line":578,"column":28},"end":{"line":587,"column":5}},"line":578},"47":{"name":"(anonymous_47)","decl":{"start":{"line":591,"column":4},"end":{"line":591,"column":5}},"loc":{"start":{"line":591,"column":22},"end":{"line":596,"column":5}},"line":591},"48":{"name":"(anonymous_48)","decl":{"start":{"line":597,"column":4},"end":{"line":597,"column":5}},"loc":{"start":{"line":597,"column":34},"end":{"line":603,"column":5}},"line":597},"49":{"name":"(anonymous_49)","decl":{"start":{"line":604,"column":4},"end":{"line":604,"column":5}},"loc":{"start":{"line":604,"column":68},"end":{"line":621,"column":5}},"line":604},"50":{"name":"(anonymous_50)","decl":{"start":{"line":606,"column":34},"end":{"line":606,"column":35}},"loc":{"start":{"line":606,"column":44},"end":{"line":616,"column":13}},"line":606},"51":{"name":"(anonymous_51)","decl":{"start":{"line":622,"column":4},"end":{"line":622,"column":5}},"loc":{"start":{"line":622,"column":51},"end":{"line":629,"column":5}},"line":622},"52":{"name":"(anonymous_52)","decl":{"start":{"line":623,"column":36},"end":{"line":623,"column":37}},"loc":{"start":{"line":623,"column":46},"end":{"line":628,"column":9}},"line":623},"53":{"name":"(anonymous_53)","decl":{"start":{"line":630,"column":4},"end":{"line":630,"column":5}},"loc":{"start":{"line":630,"column":18},"end":{"line":636,"column":5}},"line":630},"54":{"name":"(anonymous_54)","decl":{"start":{"line":637,"column":4},"end":{"line":637,"column":5}},"loc":{"start":{"line":637,"column":21},"end":{"line":644,"column":5}},"line":637},"55":{"name":"(anonymous_55)","decl":{"start":{"line":645,"column":4},"end":{"line":645,"column":5}},"loc":{"start":{"line":645,"column":23},"end":{"line":664,"column":5}},"line":645},"56":{"name":"(anonymous_56)","decl":{"start":{"line":665,"column":4},"end":{"line":665,"column":5}},"loc":{"start":{"line":665,"column":45},"end":{"line":684,"column":5}},"line":665},"57":{"name":"(anonymous_57)","decl":{"start":{"line":685,"column":4},"end":{"line":685,"column":5}},"loc":{"start":{"line":685,"column":28},"end":{"line":689,"column":5}},"line":685},"58":{"name":"(anonymous_58)","decl":{"start":{"line":686,"column":34},"end":{"line":686,"column":35}},"loc":{"start":{"line":686,"column":44},"end":{"line":688,"column":9}},"line":686},"59":{"name":"(anonymous_59)","decl":{"start":{"line":690,"column":4},"end":{"line":690,"column":5}},"loc":{"start":{"line":690,"column":18},"end":{"line":704,"column":5}},"line":690},"60":{"name":"(anonymous_60)","decl":{"start":{"line":705,"column":4},"end":{"line":705,"column":5}},"loc":{"start":{"line":705,"column":11},"end":{"line":723,"column":5}},"line":705},"61":{"name":"recurse","decl":{"start":{"line":707,"column":17},"end":{"line":707,"column":24}},"loc":{"start":{"line":707,"column":36},"end":{"line":720,"column":9}},"line":707},"62":{"name":"(anonymous_62)","decl":{"start":{"line":711,"column":26},"end":{"line":711,"column":27}},"loc":{"start":{"line":711,"column":34},"end":{"line":719,"column":13}},"line":711},"63":{"name":"(anonymous_63)","decl":{"start":{"line":724,"column":4},"end":{"line":724,"column":5}},"loc":{"start":{"line":724,"column":18},"end":{"line":727,"column":5}},"line":724},"64":{"name":"(anonymous_64)","decl":{"start":{"line":726,"column":34},"end":{"line":726,"column":35}},"loc":{"start":{"line":726,"column":42},"end":{"line":726,"column":56}},"line":726},"65":{"name":"(anonymous_65)","decl":{"start":{"line":728,"column":4},"end":{"line":728,"column":5}},"loc":{"start":{"line":728,"column":23},"end":{"line":730,"column":5}},"line":728},"66":{"name":"(anonymous_66)","decl":{"start":{"line":729,"column":38},"end":{"line":729,"column":39}},"loc":{"start":{"line":729,"column":46},"end":{"line":729,"column":64}},"line":729},"67":{"name":"(anonymous_67)","decl":{"start":{"line":734,"column":4},"end":{"line":734,"column":5}},"loc":{"start":{"line":734,"column":18},"end":{"line":740,"column":5}},"line":734},"68":{"name":"(anonymous_68)","decl":{"start":{"line":741,"column":4},"end":{"line":741,"column":5}},"loc":{"start":{"line":741,"column":16},"end":{"line":743,"column":5}},"line":741},"69":{"name":"(anonymous_69)","decl":{"start":{"line":744,"column":4},"end":{"line":744,"column":5}},"loc":{"start":{"line":744,"column":16},"end":{"line":749,"column":5}},"line":744},"70":{"name":"(anonymous_70)","decl":{"start":{"line":750,"column":4},"end":{"line":750,"column":5}},"loc":{"start":{"line":750,"column":23},"end":{"line":753,"column":5}},"line":750},"71":{"name":"(anonymous_71)","decl":{"start":{"line":754,"column":4},"end":{"line":754,"column":5}},"loc":{"start":{"line":754,"column":16},"end":{"line":758,"column":5}},"line":754},"72":{"name":"(anonymous_72)","decl":{"start":{"line":763,"column":4},"end":{"line":763,"column":5}},"loc":{"start":{"line":763,"column":21},"end":{"line":765,"column":5}},"line":763},"73":{"name":"(anonymous_73)","decl":{"start":{"line":766,"column":4},"end":{"line":766,"column":5}},"loc":{"start":{"line":766,"column":15},"end":{"line":768,"column":5}},"line":766},"74":{"name":"(anonymous_74)","decl":{"start":{"line":769,"column":4},"end":{"line":769,"column":5}},"loc":{"start":{"line":769,"column":23},"end":{"line":776,"column":5}},"line":769}},"branchMap":{"0":{"loc":{"start":{"line":22,"column":16},"end":{"line":29,"column":1}},"type":"binary-expr","locations":[{"start":{"line":22,"column":17},"end":{"line":22,"column":21}},{"start":{"line":22,"column":25},"end":{"line":22,"column":39}},{"start":{"line":22,"column":44},"end":{"line":29,"column":1}}],"line":22},"1":{"loc":{"start":{"line":23,"column":16},"end":{"line":23,"column":34}},"type":"binary-expr","locations":[{"start":{"line":23,"column":16},"end":{"line":23,"column":17}},{"start":{"line":23,"column":22},"end":{"line":23,"column":33}}],"line":23},"2":{"loc":{"start":{"line":26,"column":32},"end":{"line":26,"column":148}},"type":"cond-expr","locations":[{"start":{"line":26,"column":46},"end":{"line":26,"column":67}},{"start":{"line":26,"column":70},"end":{"line":26,"column":148}}],"line":26},"3":{"loc":{"start":{"line":27,"column":51},"end":{"line":27,"column":67}},"type":"binary-expr","locations":[{"start":{"line":27,"column":51},"end":{"line":27,"column":61}},{"start":{"line":27,"column":65},"end":{"line":27,"column":67}}],"line":27},"4":{"loc":{"start":{"line":35,"column":4},"end":{"line":37,"column":5}},"type":"if","locations":[{"start":{"line":35,"column":4},"end":{"line":37,"column":5}},{"start":{"line":35,"column":4},"end":{"line":37,"column":5}}],"line":35},"5":{"loc":{"start":{"line":38,"column":4},"end":{"line":40,"column":5}},"type":"if","locations":[{"start":{"line":38,"column":4},"end":{"line":40,"column":5}},{"start":{"line":38,"column":4},"end":{"line":40,"column":5}}],"line":38},"6":{"loc":{"start":{"line":42,"column":8},"end":{"line":44,"column":9}},"type":"if","locations":[{"start":{"line":42,"column":8},"end":{"line":44,"column":9}},{"start":{"line":42,"column":8},"end":{"line":44,"column":9}}],"line":42},"7":{"loc":{"start":{"line":68,"column":14},"end":{"line":68,"column":57}},"type":"binary-expr","locations":[{"start":{"line":68,"column":14},"end":{"line":68,"column":30}},{"start":{"line":68,"column":35},"end":{"line":68,"column":56}}],"line":68},"8":{"loc":{"start":{"line":70,"column":4},"end":{"line":75,"column":5}},"type":"switch","locations":[{"start":{"line":71,"column":8},"end":{"line":72,"column":24}},{"start":{"line":73,"column":8},"end":{"line":74,"column":25}}],"line":70},"9":{"loc":{"start":{"line":79,"column":4},"end":{"line":117,"column":5}},"type":"if","locations":[{"start":{"line":79,"column":4},"end":{"line":117,"column":5}},{"start":{"line":79,"column":4},"end":{"line":117,"column":5}}],"line":79},"10":{"loc":{"start":{"line":82,"column":9},"end":{"line":117,"column":5}},"type":"if","locations":[{"start":{"line":82,"column":9},"end":{"line":117,"column":5}},{"start":{"line":82,"column":9},"end":{"line":117,"column":5}}],"line":82},"11":{"loc":{"start":{"line":85,"column":9},"end":{"line":117,"column":5}},"type":"if","locations":[{"start":{"line":85,"column":9},"end":{"line":117,"column":5}},{"start":{"line":85,"column":9},"end":{"line":117,"column":5}}],"line":85},"12":{"loc":{"start":{"line":88,"column":9},"end":{"line":117,"column":5}},"type":"if","locations":[{"start":{"line":88,"column":9},"end":{"line":117,"column":5}},{"start":{"line":88,"column":9},"end":{"line":117,"column":5}}],"line":88},"13":{"loc":{"start":{"line":91,"column":9},"end":{"line":117,"column":5}},"type":"if","locations":[{"start":{"line":91,"column":9},"end":{"line":117,"column":5}},{"start":{"line":91,"column":9},"end":{"line":117,"column":5}}],"line":91},"14":{"loc":{"start":{"line":91,"column":13},"end":{"line":91,"column":57}},"type":"binary-expr","locations":[{"start":{"line":91,"column":13},"end":{"line":91,"column":32}},{"start":{"line":91,"column":36},"end":{"line":91,"column":57}}],"line":91},"15":{"loc":{"start":{"line":94,"column":9},"end":{"line":117,"column":5}},"t
[...]
":{"line":25,"column":88},"end":{"line":25,"column":98}},"8":{"start":{"line":26,"column":32},"end":{"line":26,"column":149}},"9":{"start":{"line":26,"column":97},"end":{"line":26,"column":119}},"10":{"start":{"line":27,"column":8},"end":{"line":27,"column":78}},"11":{"start":{"line":30,"column":0},"end":{"line":30,"column":62}},"12":{"start":{"line":31,"column":16},"end":{"line":31,"column":35}},"13":{"start":{"line":32,"column":16},"end":{"line":32,"column":35}},"14":{"start":{"line":33,"column":18},"end":{"line":33,"column":39}},"15":{"start":{"line":34,"column":14},"end":{"line":34,"column":31}},"16":{"start":{"line":36,"column":0},"end":{"line":40,"column":83}},"17":{"start":{"line":37,"column":4},"end":{"line":37,"column":66}},"18":{"start":{"line":38,"column":4},"end":{"line":38,"column":58}},"19":{"start":{"line":39,"column":4},"end":{"line":39,"column":62}},"20":{"start":{"line":42,"column":22},"end":{"line":42,"column":41}},"21":{"start":{"line":43,"column":24},"end":{"line":43,"column":45}},"22":{"start":{"line":44,"column":15},"end":{"line":44,"column":57}},"23":{"start":{"line":45,"column":4},"end":{"line":45,"column":41}},"24":{"start":{"line":52,"column":8},"end":{"line":57,"column":9}},"25":{"start":{"line":53,"column":12},"end":{"line":55,"column":13}},"26":{"start":{"line":54,"column":16},"end":{"line":54,"column":37}},"27":{"start":{"line":56,"column":12},"end":{"line":56,"column":40}},"28":{"start":{"line":58,"column":8},"end":{"line":58,"column":45}},"29":{"start":{"line":60,"column":4},"end":{"line":62,"column":7}},"30":{"start":{"line":65,"column":30},"end":{"line":66,"column":65}},"31":{"start":{"line":68,"column":29},"end":{"line":69,"column":28}},"32":{"start":{"line":70,"column":19},"end":{"line":70,"column":42}},"33":{"start":{"line":72,"column":4},"end":{"line":73,"column":42}},"34":{"start":{"line":76,"column":4},"end":{"line":92,"column":7}},"35":{"start":{"line":77,"column":20},"end":{"line":80,"column":15}},"36":{"start":{"line":81,"column":23},"end":{"line":81,"column":55}},"37":{"start":{"line":83,"column":8},"end":{"line":83,"column":42}},"38":{"start":{"line":84,"column":8},"end":{"line":84,"column":43}},"39":{"start":{"line":85,"column":8},"end":{"line":85,"column":96}},"40":{"start":{"line":86,"column":26},"end":{"line":86,"column":72}},"41":{"start":{"line":87,"column":8},"end":{"line":87,"column":35}},"42":{"start":{"line":88,"column":8},"end":{"line":88,"column":38}},"43":{"start":{"line":89,"column":8},"end":{"line":91,"column":11}},"44":{"start":{"line":90,"column":12},"end":{"line":90,"column":45}},"45":{"start":{"line":94,"column":20},"end":{"line":94,"column":33}},"46":{"start":{"line":95,"column":0},"end":{"line":120,"column":3}},"47":{"start":{"line":96,"column":4},"end":{"line":98,"column":5}},"48":{"start":{"line":97,"column":8},"end":{"line":97,"column":15}},"49":{"start":{"line":99,"column":26},"end":{"line":99,"column":34}},"50":{"start":{"line":100,"column":19},"end":{"line":100,"column":45}},"51":{"start":{"line":101,"column":4},"end":{"line":101,"column":43}},"52":{"start":{"line":102,"column":26},"end":{"line":102,"column":38}},"53":{"start":{"line":103,"column":4},"end":{"line":119,"column":6}},"54":{"start":{"line":104,"column":19},"end":{"line":104,"column":23}},"55":{"start":{"line":105,"column":8},"end":{"line":108,"column":9}},"56":{"start":{"line":106,"column":24},"end":{"line":106,"column":75}},"57":{"start":{"line":107,"column":12},"end":{"line":107,"column":77}},"58":{"start":{"line":109,"column":8},"end":{"line":117,"column":9}},"59":{"start":{"line":110,"column":12},"end":{"line":116,"column":16}},"60":{"start":{"line":118,"column":8},"end":{"line":118,"column":42}},"61":{"start":{"line":121,"column":24},"end":{"line":121,"column":28}},"62":{"start":{"line":123,"column":4},"end":{"line":123,"column":29}},"63":{"start":{"line":124,"column":22},"end":{"line":124,"column":68}},"64":{"start":{"line":125,"column":4},"end":{"line":125,"column":31}},"65":{"start":{"line":128,"column":4},"end":{"line":128,"column":29}},"66":{"start":{"line":130,"column":0},"end":{"line":130,"column":52}},"67":{"start":{"line":132,"column":4},"end":{"line":174,"column":7}},"68":{"start":{"line":133,"column":36},"end":{"line":133,"column":63}},"69":{"start":{"line":134,"column":8},"end":{"line":137,"column":10}},"70":{"start":{"line":139,"column":21},"end":{"line":139,"column":40}},"71":{"start":{"line":140,"column":8},"end":{"line":161,"column":13}},"72":{"start":{"line":162,"column":8},"end":{"line":172,"column":9}},"73":{"start":{"line":163,"column":12},"end":{"line":168,"column":13}},"74":{"start":{"line":164,"column":16},"end":{"line":164,"column":37}},"75":{"start":{"line":167,"column":16},"end":{"line":167,"column":42}},"76":{"start":{"line":170,"column":13},"end":{"line":172,"column":9}},"77":{"start":{"line":171,"column":12},"end":{"line":171,"column":60}},"78":{"start":{"line":173,"column":8},"end":{"line":173,"column":42}},"79":{"start":{"line":176,"column":0},"end":{"line":176,"column":26}}},"fnMap":{"0":{"name":"(anonymous_0)","decl":{"start":{"line":22,"column":44},"end":{"line":22,"column":45}},"loc":{"start":{"line":22,"column":89},"end":{"line":29,"column":1}},"line":22},"1":{"name":"(anonymous_1)","decl":{"start":{"line":23,"column":36},"end":{"line":23,"column":37}},"loc":{"start":{"line":23,"column":63},"end":{"line":28,"column":5}},"line":23},"2":{"name":"fulfilled","decl":{"start":{"line":24,"column":17},"end":{"line":24,"column":26}},"loc":{"start":{"line":24,"column":34},"end":{"line":24,"column":99}},"line":24},"3":{"name":"rejected","decl":{"start":{"line":25,"column":17},"end":{"line":25,"column":25}},"loc":{"start":{"line":25,"column":33},"end":{"line":25,"column":102}},"line":25},"4":{"name":"step","decl":{"start":{"line":26,"column":17},"end":{"line":26,"column":21}},"loc":{"start":{"line":26,"column":30},"end":{"line":26,"column":151}},"line":26},"5":{"name":"(anonymous_5)","decl":{"start":{"line":26,"column":76},"end":{"line":26,"column":77}},"loc":{"start":{"line":26,"column":95},"end":{"line":26,"column":121}},"line":26},"6":{"name":"(anonymous_6)","decl":{"start":{"line":36,"column":1},"end":{"line":36,"column":2}},"loc":{"start":{"line":36,"column":29},"end":{"line":40,"column":1}},"line":36},"7":{"name":"unsafeEval","decl":{"start":{"line":41,"column":9},"end":{"line":41,"column":19}},"loc":{"start":{"line":41,"column":34},"end":{"line":46,"column":1}},"line":41},"8":{"name":"contextify","decl":{"start":{"line":47,"column":9},"end":{"line":47,"column":19}},"loc":{"start":{"line":47,"column":95},"end":{"line":74,"column":1}},"line":47},"9":{"name":"require","decl":{"start":{"line":51,"column":13},"end":{"line":51,"column":20}},"loc":{"start":{"line":51,"column":36},"end":{"line":59,"column":5}},"line":51},"10":{"name":"createSandboxIFrame","decl":{"start":{"line":75,"column":9},"end":{"line":75,"column":28}},"loc":{"start":{"line":75,"column":31},"end":{"line":93,"column":1}},"line":75},"11":{"name":"(anonymous_11)","decl":{"start":{"line":76,"column":43},"end":{"line":76,"column":44}},"loc":{"start":{"line":76,"column":56},"end":{"line":92,"column":5}},"line":76},"12":{"name":"(anonymous_12)","decl":{"start":{"line":89,"column":27},"end":{"line":89,"column":28}},"loc":{"start":{"line":89,"column":40},"end":{"line":91,"column":9}},"line":89},"13":{"name":"(anonymous_13)","decl":{"start":{"line":95,"column":35},"end":{"line":95,"column":36}},"loc":{"start":{"line":95,"column":42},"end":{"line":120,"column":1}},"line":95},"14":{"name":"(anonymous_14)","decl":{"start":{"line":103,"column":26},"end":{"line":103,"column":27}},"loc":{"start":{"line":103,"column":43},"end":{"line":119,"column":5}},"line":103},"15":{"name":"clearCurrentRunnerInfoAndIframe","decl":{"start":{"line":122,"column":9},"end":{"line":122,"column":40}},"loc":{"start":{"line":122,"column":43},"end":{"line":126,"column":1}},"line":122},"16":{"name":"getCurrentRunnerInfo","decl":{"start":{"line":127,"column":9},"end":{"line":127,"column":29}},"loc":{"start":{"line":127,"column":32},"end":{"line":129,"column":1}},"line":127},"17":{"name":"runTask","decl":{"start":{"line":131,"column":9},"end":{"line":131,"column":16}},"loc":{"start":{"line":131,"column":65},"end":{"line":175,"column":1}},"line":131},"18":{"name":"(anonymous_18)","decl":{"start":{"line":132,"column":43},"end":{"line":132,"column":44}},"loc":{"start":{"line":132,"column":56},"end":{"line":174,"column":5}},"line":132}},"branchMap":{"0":{"loc":{"start":{"line":22,"column":16},"end":{"line":29,"column":1}},"type":"binary-expr","locations":[{"start":{"line":22,"column":17},"end":{"line":22,"column":21}},{"start":{"line":22,"column":25},"end":{"line":22,"column":39}},{"start":{"line":22,"column":44},"end":{"line":29,"column":1}}],"line":22},"1":{"loc":{"start":{"line":23,"column":16},"end":{"line":23,"column":34}},"type":"binary-expr","locations":[{"start":{"line":23,"column":16},"end":{"line":23,"column":17}},{"start":{"line":23,"column":22},"end":{"line":23,"column":33}}],"line":23},"2":{"loc":{"start":{"line":26,"column":32},"end":{"line":26,"column":148}},"type":"cond-expr","locations":[{"start":{"line":26,"column":46},"end":{"line":26,"column":67}},{"start":{"line":26,"column":70},"end":{"line":26,"column":148}}],"line":26},"3":{"loc":{"start":{"line":27,"column":51},"end":{"line":27,"column":67}},"type":"binary-expr","locations":[{"start":{"line":27,"column":51},"end":{"line":27,"column":61}},{"start":{"line":27,"column":65},"end":{"line":27,"column":67}}],"line":27},"4":{"loc":{"start":{"line":40,"column":22},"end":{"line":40,"column":81}},"type":"binary-expr","locations":[{"start":{"line":40,"column":22},"end":{"line":40,"column":46}},{"start":{"line":40,"column":51},"end":{"line":40,"column":80}}],"line":40},"5":{"loc":{"start":{"line":47,"column":25},"end":{"line":47,"column":47}},"type":"default-arg","locations":[{"start":{"line":47,"column":41},"end":{"line":47,"column":47}}],"line":47},"6":{"loc":{"start":{"line":47,"column":49},"end":{"line":47,"column":65}},"type":"default-arg","locations":[{"start":{"line":47,"column":59},"end":{"line":47,"column":65}}],"line":47},"7":{"loc":{"start":{"line":47,"column":67},"end":{"line":47,"column":79}},"type":"default-arg","locations":[{"start":{"line":47,"column":77},"end":{"line":47,"column":79}}],"line":47},"8":{"loc":{"start":{"line":47,"column":81},"end":{"line":47,"column":93}},"type":"default-arg","locations":[{"start":{"line":47,"column":91},"end":{"line":47,"column":93}}],"line":47},"9":{"loc":{"start":{"line":52,"column":8},"end":{"line":57,"column":9}},"type":"if","locations":[{"start":{"line":52,"column":8},"end":{"line":57,"column":9}},{"start":{"line":52,"column":8},"end":{"line":57,"column":9}}],"line":52},"10":{"loc":{"start":{"line":53,"column":12},"end":{"line":55,"column":13}},"type":"if","locations":[{"start":{"line":53,"column":12},"end":{"line":55,"column":13}},{"start":{"line":53,"column":12},"end":{"line":55,"column":13}}],"line":53},"11":{"loc":{"start":{"line":70,"column":19},"end":{"line":70,"column":42}},"type":"binary-expr","locations":[{"start":{"line":70,"column":19},"end":{"line":70,"column":32}},{"start":{"line":70,"column":36},"end":{"line":70,"column":42}}],"line":70},"12":{"loc":{"start":{"line":96,"column":4},"end":{"line":98,"column":5}},"type":"if","locations":[{"start":{"line":96,"column":4},"end":{"line":98,"column":5}},{"start":{"line":96,"column":4},"end":{"line":98,"column":5}}],"line":96},"13":{"loc":{"start":{"line":96,"column":8},"end":{"line":96,"column":91}},"type":"binary-expr","locations":[{"start":{"line":96,"column":8},"end":{"line":96,"column":34}},{"start":{"line":96,"column":38},"end":{"line":96,"column":45}},{"start":{"line":96,"column":49},"end":{"line":96,"column":91}}],"line":96},"14":{"loc":{"start":{"line":105,"column":8},"end":{"line":108,"column":9}},"type":"if","locations":[{"start":{"line":105,"column":8},"end":{"line":108,"column":9}},{"start":{"line":105,"column":8},"end":{"line":108,"column":9}}],"line":105},"15":{"loc":{"start":{"line":105,"column":12},"end":{"line":105,"column":75}},"type":"binary-expr","locations":[{"start":{"line":105,"column":12},"end":{"line":105,"column":29}},{"start":{"line":105,"column":33},"end":{"line":105,"column":75}}],"line":105},"16":{"loc":{"start":{"line":109,"column":8},"end":{"line":117,"column":9}},"type":"if","locations":[{"start":{"line":109,"column":8},"end":{"line":117,"column":9}},{"start":{"line":109,"column":8},"end":{"line":117,"column":9}}],"line":109},"17":{"loc":{"start":{"line":149,"column":20},"end":{"line":149,"column":77}},"type":"cond-expr","locations":[{"start":{"line":149,"column":59},"end":{"line":149,"column":65}},{"start":{"line":149,"column":68},"end":{"line":149,"column":77}}],"line":149},"18":{"loc":{"start":{"line":158,"column":21},"end":{"line":158,"column":79}},"type":"cond-expr","locations":[{"start":{"line":158,"column":58},"end":{"line":158,"column":67}},{"start":{"line":158,"column":70},"end":{"line":158,"column":79}}],"line":158},"19":{"loc":{"start":{"line":159,"column":22},"end":{"line":159,"column":83}},"type":"cond-expr","locations":[{"start":{"line":159,"column":61},"end":{"line":159,"column":71}},{"start":{"line":159,"column":74},"end":{"line":159,"column":83}}],"line":159},"20":{"loc":{"start":{"line":162,"column":8},"end":{"line":172,"column":9}},"type":"if","locations":[{"start":{"line":162,"column":8},"end":{"line":172,"column":9}},{"start":{"line":162,"column":8},"end":{"line":172,"column":9}}],"line":162},"21":{"loc":{"start":{"line":170,"column":13},"end":{"line":172,"column":9}},"type":"if","locations":[{"start":{"line":170,"column":13},"end":{"line":172,"column":9}},{"start":{"line":170,"column":13},"end":{"line":172,"column":9}}],"line":170}},"s":{"0":16,"1":0,"2":0,"3":0,"4":0,"5":0,"6":0,"7":0,"8":0,"9":0,"10":0,"11":16,"12":16,"13":16,"14":16,"15":16,"16":16,"17":16,"18":16,"19":16,"20":0,"21":0,"22":0,"23":0,"24":0,"25":0,"26":0,"27":0,"28":0,"29":0,"30":0,"31":0,"32":0,"33":0,"34":0,"35":0,"36":0,"37":0,"38":0,"39":0,"40":0,"41":0,"42":0,"43":0,"44":0,"45":16,"46":16,"47":0,"48":0,"49":0,"50":0,"51":0,"52":0,"53":0,"54":0,"55":0,"56":0,"57":0,"58":0,"59":0,"60":0,"61":16,"62":0,"63":0,"64":0,"65":0,"66":16,"67":0,"68":0,"69":0,"70":0,"71":0,"72":0,"73":0,"74":0,"75":0,"76":0,"77":0,"78":0,"79":16},"f":{"0":0,"1":0,"2":0,"3":0,"4":0,"5":0,"6":16,"7":0,"8":0,"9":0,"10":0,"11":0,"12":0,"13":0,"14":0,"15":0,"16":0,"17":0,"18":0},"b":{"0":[16,16,16],"1":[0,0],"2":[0,0],"3":[0,0],"4":[16,16],"5":[0],"6":[0],"7":[0],"8":[0],"9":[0,0],"10":[0,0],"11":[0,0],"12":[0,0],"13":[0,0,0],"14":[0,0],"15":[0,0],"16":[0,0],"17":[0,0],"18":[0,0],"19":[0,0],"20":[0,0],"21":[0,0]},"_coverageSchema":"332fd63041d2c1bcb487cc26dd0d5f7d97098a6c","hash":"9ac2ce9641f94ad815816b798e3b05a0bd414157"}
,"/home/travis/build/wasdk/WebAssemblyStudio/src/utils/zlib.ts": {"path":"/home/travis/build/wasdk/WebAssemblyStudio/src/utils/zlib.ts","statementMap":{"0":{"start":{"line":22,"column":16},"end":{"line":29,"column":1}},"1":{"start":{"line":23,"column":4},"end":{"line":28,"column":7}},"2":{"start":{"line":24,"column":36},"end":{"line":24,"column":97}},"3":{"start":{"line":24,"column":42},"end":{"line":24,"column":70}},"4":{"start":{"line":24,"column":85},"end":{"line":24,"column":95}},"5":{"start":{"line":25,"column":35},"end":{"line":25,"column":100}},"6":{"start":{"line":25,"column":41},"end":{"line":25,"column":73}},"7":{"start":{"line":25,"column":88},"end":{"line":25,"column":98}},"8":{"start":{"line":26,"column":32},"end":{"line":26,"column":149}},"9":{"start":{"line":26,"column":97},"end":{"line":26,"column":119}},"10":{"start":{"line":27,"column":8},"end":{"line":27,"column":78}},"11":{"start":{"line":30,"column":0},"end":{"line":30,"column":62}},"12":{"start":{"line":32,"column":36},"end":{"line":32,"column":40}},"13":{"start":{"line":33,"column":4},"end":{"line":33,"column":101}},"14":{"start":{"line":35,"column":0},"end":{"line":35,"column":32}},"15":{"start":{"line":37,"column":4},"end":{"line":40,"column":7}},"16":{"start":{"line":38,"column":28},"end":{"line":38,"column":79}},"17":{"start":{"line":38,"column":63},"end":{"line":38,"column":78}},"18":{"start":{"line":39,"column":8},"end":{"line":39,"column":29}},"19":{"start":{"line":42,"column":0},"end":{"line":42,"column":40}}},"fnMap":{"0":{"name":"(anonymous_0)","decl":{"start":{"line":22,"column":44},"end":{"line":22,"column":45}},"loc":{"start":{"line":22,"column":89},"end":{"line":29,"column":1}},"line":22},"1":{"name":"(anonymous_1)","decl":{"start":{"line":23,"column":36},"end":{"line":23,"column":37}},"loc":{"start":{"line":23,"column":63},"end":{"line":28,"column":5}},"line":23},"2":{"name":"fulfilled","decl":{"start":{"line":24,"column":17},"end":{"line":24,"column":26}},"loc":{"start":{"line":24,"column":34},"end":{"line":24,"column":99}},"line":24},"3":{"name":"rejected","decl":{"start":{"line":25,"column":17},"end":{"line":25,"column":25}},"loc":{"start":{"line":25,"column":33},"end":{"line":25,"column":102}},"line":25},"4":{"name":"step","decl":{"start":{"line":26,"column":17},"end":{"line":26,"column":21}},"loc":{"start":{"line":26,"column":30},"end":{"line":26,"column":151}},"line":26},"5":{"name":"(anonymous_5)","decl":{"start":{"line":26,"column":76},"end":{"line":26,"column":77}},"loc":{"start":{"line":26,"column":95},"end":{"line":26,"column":121}},"line":26},"6":{"name":"isZlibData","decl":{"start":{"line":31,"column":9},"end":{"line":31,"column":19}},"loc":{"start":{"line":31,"column":26},"end":{"line":34,"column":1}},"line":31},"7":{"name":"decompressZlib","decl":{"start":{"line":36,"column":9},"end":{"line":36,"column":23}},"loc":{"start":{"line":36,"column":30},"end":{"line":41,"column":1}},"line":36},"8":{"name":"(anonymous_8)","decl":{"start":{"line":37,"column":43},"end":{"line":37,"column":44}},"loc":{"start":{"line":37,"column":56},"end":{"line":40,"column":5}},"line":37},"9":{"name":"(anonymous_9)","decl":{"start":{"line":38,"column":57},"end":{"line":38,"column":58}},"loc":{"start":{"line":38,"column":63},"end":{"line":38,"column":78}},"line":38}},"branchMap":{"0":{"loc":{"start":{"line":22,"column":16},"end":{"line":29,"column":1}},"type":"binary-expr","locations":[{"start":{"line":22,"column":17},"end":{"line":22,"column":21}},{"start":{"line":22,"column":25},"end":{"line":22,"column":39}},{"start":{"line":22,"column":44},"end":{"line":29,"column":1}}],"line":22},"1":{"loc":{"start":{"line":23,"column":16},"end":{"line":23,"column":34}},"type":"binary-expr","locations":[{"start":{"line":23,"column":16},"end":{"line":23,"column":17}},{"start":{"line":23,"column":22},"end":{"line":23,"column":33}}],"line":23},"2":{"loc":{"start":{"line":26,"column":32},"end":{"line":26,"column":148}},"type":"cond-expr","locations":[{"start":{"line":26,"column":46},"end":{"line":26,"column":67}},{"start":{"line":26,"column":70},"end":{"line":26,"column":148}}],"line":26},"3":{"loc":{"start":{"line":27,"column":51},"end":{"line":27,"column":67}},"type":"binary-expr","locations":[{"start":{"line":27,"column":51},"end":{"line":27,"column":61}},{"start":{"line":27,"column":65},"end":{"line":27,"column":67}}],"line":27},"4":{"loc":{"start":{"line":33,"column":11},"end":{"line":33,"column":100}},"type":"binary-expr","locations":[{"start":{"line":33,"column":11},"end":{"line":33,"column":29}},{"start":{"line":33,"column":34},"end":{"line":33,"column":53}},{"start":{"line":33,"column":57},"end":{"line":33,"column":76}},{"start":{"line":33,"column":80},"end":{"line":33,"column":99}}],"line":33}},"s":{"0":16,"1":0,"2":0,"3":0,"4":0,"5":0,"6":0,"7":0,"8":0,"9":0,"10":0,"11":16,"12":0,"13":0,"14":16,"15":0,"16":0,"17":0,"18":0,"19":16},"f":{"0":0,"1":0,"2":0,"3":0,"4":0,"5":0,"6":0,"7":0,"8":0,"9":0},"b":{"0":[16,16,16],"1":[0,0],"2":[0,0],"3":[0,0],"4":[0,0,0,0]},"_coverageSchema":"332fd63041d2c1bcb487cc26dd0d5f7d97098a6c","hash":"8ddbe7c5548a5156daa2ddbb6764731ecf17c730"}
}
